<?xml version="1.0" encoding="UTF-8" ?>
<testsuite failures="10" time="0.242" errors="0" skipped="0" tests="32" name="org.semanticweb.HermiT.structural.ClausificationDatatypesTest">
  <properties>
[...]
</properties>
  <testcase time="0.006" classname="org.semanticweb.HermiT.structural.ClausificationDatatypesTest" name="testDataPropertiesHasValue1">
    <failure type="junit.framework.AssertionFailedError">junit.framework.AssertionFailedError
	at junit.framework.Assert.fail(Assert.java:47)
	at junit.framework.Assert.assertTrue(Assert.java:20)
	at junit.framework.Assert.assertTrue(Assert.java:27)
	at org.semanticweb.HermiT.structural.AbstractStructuralTest.assertContainsAll(AbstractStructuralTest.java:38)
	at org.semanticweb.HermiT.structural.ClausificationDatatypesTest.testDataPropertiesHasValue1(ClausificationDatatypesTest.java:15)
</failure>
    <system-out>Test testDataPropertiesHasValue1 failed!
Control set (1 elements):
------------------------------------------
atLeast(1 :hasAge { &quot;18&quot;^^xsd:int })(X) :- :Eighteen(X)
------------------------------------------
Actual set (1 elements):
------------------------------------------
atLeast(1 :hasAge { &quot;18&quot;^^xsd:integer })(X) :- :Eighteen(X)
------------------------------------------
</system-out>
  </testcase>
  <testcase time="0.014" classname="org.semanticweb.HermiT.structural.ClausificationDatatypesTest" name="testDataPropertiesHasValue2">
    <failure type="junit.framework.AssertionFailedError">junit.framework.AssertionFailedError
	at junit.framework.Assert.fail(Assert.java:47)
	at junit.framework.Assert.assertTrue(Assert.java:20)
	at junit.framework.Assert.assertTrue(Assert.java:27)
	at org.semanticweb.HermiT.structural.AbstractStructuralTest.assertContainsAll(AbstractStructuralTest.java:38)
	at org.semanticweb.HermiT.structural.ClausificationDatatypesTest.testDataPropertiesHasValue2(ClausificationDatatypesTest.java:24)
</failure>
    <system-out>Test testDataPropertiesHasValue2 failed!
Control set (1 elements):
------------------------------------------
:Eighteen(X) v not({ &quot;18&quot;^^xsd:int })(Y) :- :hasAge(X,Y)
------------------------------------------
Actual set (1 elements):
------------------------------------------
:Eighteen(X) v not({ &quot;18&quot;^^xsd:integer })(Y) :- :hasAge(X,Y)
------------------------------------------
</system-out>
  </testcase>
  <testcase time="0.003" classname="org.semanticweb.HermiT.structural.ClausificationDatatypesTest" name="testDataPropertiesAll1"/>
  <testcase time="0.003" classname="org.semanticweb.HermiT.structural.ClausificationDatatypesTest" name="testDataPropertiesAll2"/>
  <testcase time="0.003" classname="org.semanticweb.HermiT.structural.ClausificationDatatypesTest" name="testDataPropertiesSome1"/>
  <testcase time="0.003" classname="org.semanticweb.HermiT.structural.ClausificationDatatypesTest" name="testDataPropertiesSome2"/>
  <testcase time="0.005" classname="org.semanticweb.HermiT.structural.ClausificationDatatypesTest" name="testDataPropertiesDataOneOf1">
    <failure type="junit.framework.AssertionFailedError">junit.framework.AssertionFailedError
	at junit.framework.Assert.fail(Assert.java:47)
	at junit.framework.Assert.assertTrue(Assert.java:20)
	at junit.framework.Assert.assertTrue(Assert.java:27)
	at org.semanticweb.HermiT.structural.AbstractStructuralTest.assertContainsAll(AbstractStructuralTest.java:38)
	at org.semanticweb.HermiT.structural.ClausificationDatatypesTest.testDataPropertiesDataOneOf1(ClausificationDatatypesTest.java:69)
</failure>
    <system-out>Test testDataPropertiesDataOneOf1 failed!
Control set (1 elements):
------------------------------------------
{ &quot;Peter&quot; &quot;19&quot;^^xsd:int }(Y) :- :A(X), :dp(X,Y)
------------------------------------------
Actual set (1 elements):
------------------------------------------
{ &quot;19&quot;^^xsd:integer &quot;Peter&quot;^^xsd:string }(Y) :- :A(X), :dp(X,Y)
------------------------------------------
</system-out>
  </testcase>
  <testcase time="0.005" classname="org.semanticweb.HermiT.structural.ClausificationDatatypesTest" name="testDataPropertiesDataOneOf2">
    <failure type="junit.framework.AssertionFailedError">junit.framework.AssertionFailedError
	at junit.framework.Assert.fail(Assert.java:47)
	at junit.framework.Assert.assertTrue(Assert.java:20)
	at junit.framework.Assert.assertTrue(Assert.java:27)
	at org.semanticweb.HermiT.structural.AbstractStructuralTest.assertContainsAll(AbstractStructuralTest.java:38)
	at org.semanticweb.HermiT.structural.ClausificationDatatypesTest.testDataPropertiesDataOneOf2(ClausificationDatatypesTest.java:78)
</failure>
    <system-out>Test testDataPropertiesDataOneOf2 failed!
Control set (1 elements):
------------------------------------------
:A(X) v atLeast(1 :dp not({ &quot;19&quot;^^xsd:int &quot;18&quot;^^xsd:int }))(X) :- owl:Thing(X)
------------------------------------------
Actual set (1 elements):
------------------------------------------
:A(X) v atLeast(1 :dp not({ &quot;19&quot;^^xsd:integer &quot;18&quot;^^xsd:integer }))(X) :- owl:Thing(X)
------------------------------------------
</system-out>
  </testcase>
  <testcase time="0.005" classname="org.semanticweb.HermiT.structural.ClausificationDatatypesTest" name="testDataPropertiesDataOneOf3">
    <failure type="junit.framework.AssertionFailedError">junit.framework.AssertionFailedError
	at junit.framework.Assert.fail(Assert.java:47)
	at junit.framework.Assert.assertTrue(Assert.java:20)
	at junit.framework.Assert.assertTrue(Assert.java:27)
	at org.semanticweb.HermiT.structural.AbstractStructuralTest.assertContainsAll(AbstractStructuralTest.java:38)
	at org.semanticweb.HermiT.structural.ClausificationDatatypesTest.testDataPropertiesDataOneOf3(ClausificationDatatypesTest.java:87)
</failure>
    <system-out>Test testDataPropertiesDataOneOf3 failed!
Control set (1 elements):
------------------------------------------
:A(X) v atLeast(1 :dp not({ &quot;18&quot;^^xsd:int &quot;abc&quot; }))(X) :- owl:Thing(X)
------------------------------------------
Actual set (1 elements):
------------------------------------------
:A(X) v atLeast(1 :dp not({ &quot;abc&quot;^^xsd:string &quot;18&quot;^^xsd:integer }))(X) :- owl:Thing(X)
------------------------------------------
</system-out>
  </testcase>
  <testcase time="0.018" classname="org.semanticweb.HermiT.structural.ClausificationDatatypesTest" name="testDataPropertiesDataOneOf4">
    <failure type="junit.framework.AssertionFailedError">junit.framework.AssertionFailedError
	at junit.framework.Assert.fail(Assert.java:47)
	at junit.framework.Assert.assertTrue(Assert.java:20)
	at junit.framework.Assert.assertTrue(Assert.java:27)
	at org.semanticweb.HermiT.structural.AbstractStructuralTest.assertContainsAll(AbstractStructuralTest.java:38)
	at org.semanticweb.HermiT.structural.ClausificationDatatypesTest.testDataPropertiesDataOneOf4(ClausificationDatatypesTest.java:96)
</failure>
    <system-out>Test testDataPropertiesDataOneOf4 failed!
Control set (1 elements):
------------------------------------------
{ &quot;18&quot;^^xsd:int &quot;abc&quot; }(Y) :- :A(X), :dp(X,Y)
------------------------------------------
Actual set (1 elements):
------------------------------------------
{ &quot;abc&quot;^^xsd:string &quot;18&quot;^^xsd:integer }(Y) :- :A(X), :dp(X,Y)
------------------------------------------
</system-out>
  </testcase>
  <testcase time="0.005" classname="org.semanticweb.HermiT.structural.ClausificationDatatypesTest" name="testDataPropertiesDataComplementOf1">
    <failure type="junit.framework.AssertionFailedError">junit.framework.AssertionFailedError
	at junit.framework.Assert.fail(Assert.java:47)
	at junit.framework.Assert.assertTrue(Assert.java:20)
	at junit.framework.Assert.assertTrue(Assert.java:27)
	at org.semanticweb.HermiT.structural.AbstractStructuralTest.assertContainsAll(AbstractStructuralTest.java:38)
	at org.semanticweb.HermiT.structural.ClausificationDatatypesTest.testDataPropertiesDataComplementOf1(ClausificationDatatypesTest.java:105)
</failure>
    <system-out>Test testDataPropertiesDataComplementOf1 failed!
Control set (1 elements):
------------------------------------------
{ &quot;19&quot;^^xsd:int &quot;18&quot;^^xsd:int }(Y) :- :A(X), :dp(X,Y)
------------------------------------------
Actual set (1 elements):
------------------------------------------
{ &quot;19&quot;^^xsd:integer &quot;18&quot;^^xsd:integer }(Y) :- :A(X), :dp(X,Y)
------------------------------------------
</system-out>
  </testcase>
  <testcase time="0.008" classname="org.semanticweb.HermiT.structural.ClausificationDatatypesTest" name="testDataPropertiesDataComplementOf2">
    <failure type="junit.framework.AssertionFailedError">junit.framework.AssertionFailedError
	at junit.framework.Assert.fail(Assert.java:47)
	at junit.framework.Assert.assertTrue(Assert.java:20)
	at junit.framework.Assert.assertTrue(Assert.java:27)
	at org.semanticweb.HermiT.structural.AbstractStructuralTest.assertContainsAll(AbstractStructuralTest.java:38)
	at org.semanticweb.HermiT.structural.ClausificationDatatypesTest.testDataPropertiesDataComplementOf2(ClausificationDatatypesTest.java:114)
</failure>
    <system-out>Test testDataPropertiesDataComplementOf2 failed!
Control set (1 elements):
------------------------------------------
not({ &quot;19&quot;^^xsd:int &quot;18&quot;^^xsd:int })(Y) :- :A(X), :dp(X,Y)
------------------------------------------
Actual set (1 elements):
------------------------------------------
not({ &quot;19&quot;^^xsd:integer &quot;18&quot;^^xsd:integer })(Y) :- :A(X), :dp(X,Y)
------------------------------------------
</system-out>
  </testcase>
  <testcase time="0.004" classname="org.semanticweb.HermiT.structural.ClausificationDatatypesTest" name="testDataPropertiesMax1"/>
  <testcase time="0.003" classname="org.semanticweb.HermiT.structural.ClausificationDatatypesTest" name="testDataPropertiesMax2"/>
  <testcase time="0.004" classname="org.semanticweb.HermiT.structural.ClausificationDatatypesTest" name="testDataPropertiesMax3"/>
  <testcase time="0.003" classname="org.semanticweb.HermiT.structural.ClausificationDatatypesTest" name="testDataPropertiesMax4"/>
  <testcase time="0.003" classname="org.semanticweb.HermiT.structural.ClausificationDatatypesTest" name="testDataPropertiesMin1"/>
  <testcase time="0.004" classname="org.semanticweb.HermiT.structural.ClausificationDatatypesTest" name="testDataPropertiesMin2"/>
  <testcase time="0.003" classname="org.semanticweb.HermiT.structural.ClausificationDatatypesTest" name="testDataPropertiesMin3"/>
  <testcase time="0.003" classname="org.semanticweb.HermiT.structural.ClausificationDatatypesTest" name="testDataPropertiesMin4"/>
  <testcase time="0.011" classname="org.semanticweb.HermiT.structural.ClausificationDatatypesTest" name="testDataPropertiesExact1"/>
  <testcase time="0.004" classname="org.semanticweb.HermiT.structural.ClausificationDatatypesTest" name="testDataPropertiesExact2"/>
  <testcase time="0.066" classname="org.semanticweb.HermiT.structural.ClausificationDatatypesTest" name="testDataPropertiesExact3"/>
  <testcase time="0.004" classname="org.semanticweb.HermiT.structural.ClausificationDatatypesTest" name="testDataPropertiesExact4"/>
  <testcase time="0.004" classname="org.semanticweb.HermiT.structural.ClausificationDatatypesTest" name="testDataIntersectionOf"/>
  <testcase time="0.004" classname="org.semanticweb.HermiT.structural.ClausificationDatatypesTest" name="testDataIntersectionOf2"/>
  <testcase time="0.003" classname="org.semanticweb.HermiT.structural.ClausificationDatatypesTest" name="testDataIntersectionOf3"/>
  <testcase time="0.004" classname="org.semanticweb.HermiT.structural.ClausificationDatatypesTest" name="testDataUnionOf1"/>
  <testcase time="0.003" classname="org.semanticweb.HermiT.structural.ClausificationDatatypesTest" name="testDataComplementOf1"/>
  <testcase time="0.003" classname="org.semanticweb.HermiT.structural.ClausificationDatatypesTest" name="testDataComplementOf2"/>
  <testcase time="0.006" classname="org.semanticweb.HermiT.structural.ClausificationDatatypesTest" name="testDataComplementOf3">
    <failure type="junit.framework.AssertionFailedError">junit.framework.AssertionFailedError
	at junit.framework.Assert.fail(Assert.java:47)
	at junit.framework.Assert.assertTrue(Assert.java:20)
	at junit.framework.Assert.assertTrue(Assert.java:27)
	at org.semanticweb.HermiT.structural.AbstractStructuralTest.assertContainsAll(AbstractStructuralTest.java:38)
	at org.semanticweb.HermiT.structural.ClausificationDatatypesTest.testDataComplementOf3(ClausificationDatatypesTest.java:290)
</failure>
    <system-out>Test testDataComplementOf3 failed!
Control set (2 elements):
------------------------------------------
not({ &quot;4.3&quot;^^xsd:double &quot;5&quot;^^xsd:int })(X) v not({ &quot;5&quot;^^xsd:int })(X) :- defdata:0(X)
defdata:0(Y) :- :dp(X,Y)
------------------------------------------
Actual set (2 elements):
------------------------------------------
defdata:0(Y) :- :dp(X,Y)
not({ &quot;5&quot;^^xsd:integer })(X) v not({ &quot;5&quot;^^xsd:nonNegativeInteger &quot;4.3&quot;^^xsd:double })(X) :- defdata:0(X)
------------------------------------------
</system-out>
  </testcase>
  <testcase time="0.006" classname="org.semanticweb.HermiT.structural.ClausificationDatatypesTest" name="testDataComplementOf4">
    <failure type="junit.framework.AssertionFailedError">junit.framework.AssertionFailedError
	at junit.framework.Assert.fail(Assert.java:47)
	at junit.framework.Assert.assertTrue(Assert.java:20)
	at junit.framework.Assert.assertTrue(Assert.java:27)
	at org.semanticweb.HermiT.structural.AbstractStructuralTest.assertContainsAll(AbstractStructuralTest.java:38)
	at org.semanticweb.HermiT.structural.ClausificationDatatypesTest.testDataComplementOf4(ClausificationDatatypesTest.java:299)
</failure>
    <system-out>Test testDataComplementOf4 failed!
Control set (3 elements):
------------------------------------------
{ &quot;4.3&quot;^^xsd:double &quot;5&quot;^^xsd:int }(X) :- defdata:0(X)
{ &quot;5&quot;^^xsd:int }(X) :- defdata:0(X)
:A(X) v atLeast(1 :dp defdata:0)(X) :- owl:Thing(X)
------------------------------------------
Actual set (3 elements):
------------------------------------------
:A(X) v atLeast(1 :dp defdata:0)(X) :- owl:Thing(X)
{ &quot;5&quot;^^xsd:integer }(X) :- defdata:0(X)
{ &quot;5&quot;^^xsd:nonNegativeInteger &quot;4.3&quot;^^xsd:double }(X) :- defdata:0(X)
------------------------------------------
</system-out>
  </testcase>
</testsuite>