<?xml version="1.0" encoding="UTF-8" ?>
<testsuite failures="0" time="1.425" errors="0" skipped="0" tests="188" name="org.semanticweb.HermiT.reasoner.ReasonerCoreBlockingTest">
  <properties>
[...]
</properties>
  <testcase time="0.01" classname="org.semanticweb.HermiT.reasoner.ReasonerCoreBlockingTest" name="testWidmann2"/>
  <testcase time="0.003" classname="org.semanticweb.HermiT.reasoner.ReasonerCoreBlockingTest" name="testIanT6"/>
  <testcase time="0.003" classname="org.semanticweb.HermiT.reasoner.ReasonerCoreBlockingTest" name="testIanT9"/>
  <testcase time="0" classname="org.semanticweb.HermiT.reasoner.ReasonerCoreBlockingTest" name="testDependencyDisjunctionMergingBug"/>
  <testcase time="0.002" classname="org.semanticweb.HermiT.reasoner.ReasonerCoreBlockingTest" name="testExpansion"/>
  <testcase time="0.003" classname="org.semanticweb.HermiT.reasoner.ReasonerCoreBlockingTest" name="testUniversalRolePartitionedABox"/>
  <testcase time="0.002" classname="org.semanticweb.HermiT.reasoner.ReasonerCoreBlockingTest" name="testIncrementalWithSameAs"/>
  <testcase time="0.005" classname="org.semanticweb.HermiT.reasoner.ReasonerCoreBlockingTest" name="testClassificationWithValidatedBlockingError"/>
  <testcase time="0.006" classname="org.semanticweb.HermiT.reasoner.ReasonerCoreBlockingTest" name="testIncrementalWithNegatedHasValue"/>
  <testcase time="0.005" classname="org.semanticweb.HermiT.reasoner.ReasonerCoreBlockingTest" name="testIncrementalWithHasValue"/>
  <testcase time="0.004" classname="org.semanticweb.HermiT.reasoner.ReasonerCoreBlockingTest" name="testIncrementalWithNegatedClass"/>
  <testcase time="0.004" classname="org.semanticweb.HermiT.reasoner.ReasonerCoreBlockingTest" name="testIncrementalWithClass"/>
  <testcase time="0.003" classname="org.semanticweb.HermiT.reasoner.ReasonerCoreBlockingTest" name="testIncrementalWithNegatedHasSelf"/>
  <testcase time="0.009" classname="org.semanticweb.HermiT.reasoner.ReasonerCoreBlockingTest" name="testIncrementalWithHasSelf"/>
  <testcase time="0.003" classname="org.semanticweb.HermiT.reasoner.ReasonerCoreBlockingTest" name="testIncrementalWithFreshNames"/>
  <testcase time="0.006" classname="org.semanticweb.HermiT.reasoner.ReasonerCoreBlockingTest" name="testInstanteManagerError"/>
  <testcase time="0.003" classname="org.semanticweb.HermiT.reasoner.ReasonerCoreBlockingTest" name="testTopOPEquivalence"/>
  <testcase time="0.003" classname="org.semanticweb.HermiT.reasoner.ReasonerCoreBlockingTest" name="testReflexiveAndSameAs"/>
  <testcase time="0.002" classname="org.semanticweb.HermiT.reasoner.ReasonerCoreBlockingTest" name="testFreshEntityEntailment"/>
  <testcase time="0.004" classname="org.semanticweb.HermiT.reasoner.ReasonerCoreBlockingTest" name="testUniversalRoleSubsumption"/>
  <testcase time="0.009" classname="org.semanticweb.HermiT.reasoner.ReasonerCoreBlockingTest" name="testPrecomputeDisjointClasses"/>
  <testcase time="0.004" classname="org.semanticweb.HermiT.reasoner.ReasonerCoreBlockingTest" name="testKeys3"/>
  <testcase time="0.003" classname="org.semanticweb.HermiT.reasoner.ReasonerCoreBlockingTest" name="testEquivalentClassInstances"/>
  <testcase time="0.003" classname="org.semanticweb.HermiT.reasoner.ReasonerCoreBlockingTest" name="testObjectPropertySubsumptionsNoNominals"/>
  <testcase time="0.003" classname="org.semanticweb.HermiT.reasoner.ReasonerCoreBlockingTest" name="testObjectPropertySubsumptionsNominals"/>
  <testcase time="0.003" classname="org.semanticweb.HermiT.reasoner.ReasonerCoreBlockingTest" name="testBottomObjectPropertyAssertion"/>
  <testcase time="0.004" classname="org.semanticweb.HermiT.reasoner.ReasonerCoreBlockingTest" name="testDataPropertyEntailment"/>
  <testcase time="0.007" classname="org.semanticweb.HermiT.reasoner.ReasonerCoreBlockingTest" name="testPropertyInstanceRetrieval"/>
  <testcase time="0.699" classname="org.semanticweb.HermiT.reasoner.ReasonerCoreBlockingTest" name="testClassificationSubClassBug"/>
  <testcase time="0.002" classname="org.semanticweb.HermiT.reasoner.ReasonerCoreBlockingTest" name="testNegativeObjectPropertyAssertionWithNonSimple"/>
  <testcase time="0.003" classname="org.semanticweb.HermiT.reasoner.ReasonerCoreBlockingTest" name="testPropertyEnailmentFromAlan"/>
  <testcase time="0.007" classname="org.semanticweb.HermiT.reasoner.ReasonerCoreBlockingTest" name="testSubProperties"/>
  <testcase time="0.002" classname="org.semanticweb.HermiT.reasoner.ReasonerCoreBlockingTest" name="testUnknownClassHierarcyPosition"/>
  <testcase time="0.002" classname="org.semanticweb.HermiT.reasoner.ReasonerCoreBlockingTest" name="testUnknownDatatypes"/>
  <testcase time="0.005" classname="org.semanticweb.HermiT.reasoner.ReasonerCoreBlockingTest" name="testRoleChains"/>
  <testcase time="0.003" classname="org.semanticweb.HermiT.reasoner.ReasonerCoreBlockingTest" name="testRoleChainsWithTransitiveSymmetric"/>
  <testcase time="0.007" classname="org.semanticweb.HermiT.reasoner.ReasonerCoreBlockingTest" name="testRoleSubsumptionWithChainsTransitiveSymmetric"/>
  <testcase time="0.003" classname="org.semanticweb.HermiT.reasoner.ReasonerCoreBlockingTest" name="testRoleSubsumption"/>
  <testcase time="0.002" classname="org.semanticweb.HermiT.reasoner.ReasonerCoreBlockingTest" name="testIsFunctionalData"/>
  <testcase time="0.002" classname="org.semanticweb.HermiT.reasoner.ReasonerCoreBlockingTest" name="testIsFunctionalObject"/>
  <testcase time="0.002" classname="org.semanticweb.HermiT.reasoner.ReasonerCoreBlockingTest" name="testIsInverseFunctionalObject"/>
  <testcase time="0.002" classname="org.semanticweb.HermiT.reasoner.ReasonerCoreBlockingTest" name="testIsReflexiveObject"/>
  <testcase time="0.002" classname="org.semanticweb.HermiT.reasoner.ReasonerCoreBlockingTest" name="testIsIrreflexiveObject"/>
  <testcase time="0.002" classname="org.semanticweb.HermiT.reasoner.ReasonerCoreBlockingTest" name="testIsSymmetricObject"/>
  <testcase time="0.003" classname="org.semanticweb.HermiT.reasoner.ReasonerCoreBlockingTest" name="testIsAsymmetricObject"/>
  <testcase time="0.002" classname="org.semanticweb.HermiT.reasoner.ReasonerCoreBlockingTest" name="testIsTransitiveObject"/>
  <testcase time="0.02" classname="org.semanticweb.HermiT.reasoner.ReasonerCoreBlockingTest" name="testLearningBacktracking"/>
  <testcase time="0.002" classname="org.semanticweb.HermiT.reasoner.ReasonerCoreBlockingTest" name="testSameAs"/>
  <testcase time="0.002" classname="org.semanticweb.HermiT.reasoner.ReasonerCoreBlockingTest" name="testObjectPropertyDomainsTimothyBug"/>
  <testcase time="0.006" classname="org.semanticweb.HermiT.reasoner.ReasonerCoreBlockingTest" name="testDatatypeLiterals"/>
  <testcase time="0.002" classname="org.semanticweb.HermiT.reasoner.ReasonerCoreBlockingTest" name="testIndividualRetrievalBug"/>
  <testcase time="0.003" classname="org.semanticweb.HermiT.reasoner.ReasonerCoreBlockingTest" name="testIndividualRetrieval"/>
  <testcase time="0.003" classname="org.semanticweb.HermiT.reasoner.ReasonerCoreBlockingTest" name="testDataTypeRestriction"/>
  <testcase time="0.001" classname="org.semanticweb.HermiT.reasoner.ReasonerCoreBlockingTest" name="testAnonymousIndividualConstraints"/>
  <testcase time="0.001" classname="org.semanticweb.HermiT.reasoner.ReasonerCoreBlockingTest" name="testAnonymousIndividualConstraints2"/>
  <testcase time="0.001" classname="org.semanticweb.HermiT.reasoner.ReasonerCoreBlockingTest" name="testAnonymousIndividualConstraints3"/>
  <testcase time="0.001" classname="org.semanticweb.HermiT.reasoner.ReasonerCoreBlockingTest" name="testAnonymousIndividualConstraints4"/>
  <testcase time="0.002" classname="org.semanticweb.HermiT.reasoner.ReasonerCoreBlockingTest" name="testTransitivity"/>
  <testcase time="0.002" classname="org.semanticweb.HermiT.reasoner.ReasonerCoreBlockingTest" name="testSubAndSuperConcepts"/>
  <testcase time="0.003" classname="org.semanticweb.HermiT.reasoner.ReasonerCoreBlockingTest" name="testSubAndSuperRoles"/>
  <testcase time="0.002" classname="org.semanticweb.HermiT.reasoner.ReasonerCoreBlockingTest" name="testSubRolesChain"/>
  <testcase time="0.002" classname="org.semanticweb.HermiT.reasoner.ReasonerCoreBlockingTest" name="testHasKeyEntailment"/>
  <testcase time="0.002" classname="org.semanticweb.HermiT.reasoner.ReasonerCoreBlockingTest" name="testHasKeyNonEntailment"/>
  <testcase time="0.007" classname="org.semanticweb.HermiT.reasoner.ReasonerCoreBlockingTest" name="testDatatypeDefEntailment"/>
  <testcase time="0.002" classname="org.semanticweb.HermiT.reasoner.ReasonerCoreBlockingTest" name="testDomainRange"/>
  <testcase time="0.002" classname="org.semanticweb.HermiT.reasoner.ReasonerCoreBlockingTest" name="testDateTime2"/>
  <testcase time="0.003" classname="org.semanticweb.HermiT.reasoner.ReasonerCoreBlockingTest" name="testChains1"/>
  <testcase time="0.003" classname="org.semanticweb.HermiT.reasoner.ReasonerCoreBlockingTest" name="testChains2"/>
  <testcase time="0.002" classname="org.semanticweb.HermiT.reasoner.ReasonerCoreBlockingTest" name="testChains3"/>
  <testcase time="0.002" classname="org.semanticweb.HermiT.reasoner.ReasonerCoreBlockingTest" name="testChains4"/>
  <testcase time="0.002" classname="org.semanticweb.HermiT.reasoner.ReasonerCoreBlockingTest" name="testAnonymousIndiviuals1"/>
  <testcase time="0.002" classname="org.semanticweb.HermiT.reasoner.ReasonerCoreBlockingTest" name="testDateTime"/>
  <testcase time="0.002" classname="org.semanticweb.HermiT.reasoner.ReasonerCoreBlockingTest" name="testDataRanges"/>
  <testcase time="0.001" classname="org.semanticweb.HermiT.reasoner.ReasonerCoreBlockingTest" name="testBottomDataProperty"/>
  <testcase time="0.002" classname="org.semanticweb.HermiT.reasoner.ReasonerCoreBlockingTest" name="testChains"/>
  <testcase time="0.002" classname="org.semanticweb.HermiT.reasoner.ReasonerCoreBlockingTest" name="testHasKeysOnlyNamed"/>
  <testcase time="0.002" classname="org.semanticweb.HermiT.reasoner.ReasonerCoreBlockingTest" name="testNegativeDataPropertyAssertion"/>
  <testcase time="0.002" classname="org.semanticweb.HermiT.reasoner.ReasonerCoreBlockingTest" name="testKeys"/>
  <testcase time="0.003" classname="org.semanticweb.HermiT.reasoner.ReasonerCoreBlockingTest" name="testKeysNegatedClass"/>
  <testcase time="0.002" classname="org.semanticweb.HermiT.reasoner.ReasonerCoreBlockingTest" name="testNonUnaryKeys"/>
  <testcase time="0.003" classname="org.semanticweb.HermiT.reasoner.ReasonerCoreBlockingTest" name="testNonUnaryKeys2"/>
  <testcase time="0.083" classname="org.semanticweb.HermiT.reasoner.ReasonerCoreBlockingTest" name="testHierarchyPrinting1"/>
  <testcase time="0.009" classname="org.semanticweb.HermiT.reasoner.ReasonerCoreBlockingTest" name="testHierarchyPrinting2"/>
  <testcase time="0.002" classname="org.semanticweb.HermiT.reasoner.ReasonerCoreBlockingTest" name="testHierarchyPrinting3"/>
  <testcase time="0.005" classname="org.semanticweb.HermiT.reasoner.ReasonerCoreBlockingTest" name="testObjectPropertyHierarchy"/>
  <testcase time="0.003" classname="org.semanticweb.HermiT.reasoner.ReasonerCoreBlockingTest" name="testSemanticObjectPropertyClassification"/>
  <testcase time="0.005" classname="org.semanticweb.HermiT.reasoner.ReasonerCoreBlockingTest" name="testDataPropertyHierarchy"/>
  <testcase time="0.002" classname="org.semanticweb.HermiT.reasoner.ReasonerCoreBlockingTest" name="testDataPropertySemantics"/>
  <testcase time="0.003" classname="org.semanticweb.HermiT.reasoner.ReasonerCoreBlockingTest" name="testSemanticDataPropertyClassification"/>
  <testcase time="0.009" classname="org.semanticweb.HermiT.reasoner.ReasonerCoreBlockingTest" name="testComplexConceptInstanceRetrieval"/>
  <testcase time="0.003" classname="org.semanticweb.HermiT.reasoner.ReasonerCoreBlockingTest" name="testWidmann1"/>
  <testcase time="0.041" classname="org.semanticweb.HermiT.reasoner.ReasonerCoreBlockingTest" name="testWidmann3"/>
  <testcase time="0.002" classname="org.semanticweb.HermiT.reasoner.ReasonerCoreBlockingTest" name="testReflexivity"/>
  <testcase time="0.002" classname="org.semanticweb.HermiT.reasoner.ReasonerCoreBlockingTest" name="testNegProperties"/>
  <testcase time="0.002" classname="org.semanticweb.HermiT.reasoner.ReasonerCoreBlockingTest" name="testIrreflexivity"/>
  <testcase time="0.002" classname="org.semanticweb.HermiT.reasoner.ReasonerCoreBlockingTest" name="testRoleDisjointness_1"/>
  <testcase time="0.001" classname="org.semanticweb.HermiT.reasoner.ReasonerCoreBlockingTest" name="testRoleDisjointness_2"/>
  <testcase time="0.002" classname="org.semanticweb.HermiT.reasoner.ReasonerCoreBlockingTest" name="testRoleDisjointness2"/>
  <testcase time="0.002" classname="org.semanticweb.HermiT.reasoner.ReasonerCoreBlockingTest" name="testExistsSelf1"/>
  <testcase time="0.002" classname="org.semanticweb.HermiT.reasoner.ReasonerCoreBlockingTest" name="testExistsSelf2"/>
  <testcase time="0.002" classname="org.semanticweb.HermiT.reasoner.ReasonerCoreBlockingTest" name="testAsymmetry"/>
  <testcase time="0.002" classname="org.semanticweb.HermiT.reasoner.ReasonerCoreBlockingTest" name="testSatisfiability1"/>
  <testcase time="0.001" classname="org.semanticweb.HermiT.reasoner.ReasonerCoreBlockingTest" name="testSatisfiability2"/>
  <testcase time="0.002" classname="org.semanticweb.HermiT.reasoner.ReasonerCoreBlockingTest" name="testSatisfiability3"/>
  <testcase time="0.002" classname="org.semanticweb.HermiT.reasoner.ReasonerCoreBlockingTest" name="testSatisfiability4"/>
  <testcase time="0.004" classname="org.semanticweb.HermiT.reasoner.ReasonerCoreBlockingTest" name="testChanges"/>
  <testcase time="0.002" classname="org.semanticweb.HermiT.reasoner.ReasonerCoreBlockingTest" name="testSubsumption1"/>
  <testcase time="0.002" classname="org.semanticweb.HermiT.reasoner.ReasonerCoreBlockingTest" name="testSubsumption2"/>
  <testcase time="0.002" classname="org.semanticweb.HermiT.reasoner.ReasonerCoreBlockingTest" name="testSubsumption3"/>
  <testcase time="0.002" classname="org.semanticweb.HermiT.reasoner.ReasonerCoreBlockingTest" name="testHeinsohnTBox1"/>
  <testcase time="0.003" classname="org.semanticweb.HermiT.reasoner.ReasonerCoreBlockingTest" name="testHeinsohnTBox2"/>
  <testcase time="0.002" classname="org.semanticweb.HermiT.reasoner.ReasonerCoreBlockingTest" name="testHeinsohnTBox3c"/>
  <testcase time="0.002" classname="org.semanticweb.HermiT.reasoner.ReasonerCoreBlockingTest" name="testHeinsohnTBox3cIrh"/>
  <testcase time="0.007" classname="org.semanticweb.HermiT.reasoner.ReasonerCoreBlockingTest" name="testHeinsohnTBox3"/>
  <testcase time="0.002" classname="org.semanticweb.HermiT.reasoner.ReasonerCoreBlockingTest" name="testHeinsohnTBox3Modified"/>
  <testcase time="0.002" classname="org.semanticweb.HermiT.reasoner.ReasonerCoreBlockingTest" name="testHeinsohnTBox4a"/>
  <testcase time="0.002" classname="org.semanticweb.HermiT.reasoner.ReasonerCoreBlockingTest" name="testHeinsohnTBox4b"/>
  <testcase time="0.002" classname="org.semanticweb.HermiT.reasoner.ReasonerCoreBlockingTest" name="testHeinsohnTBox7"/>
  <testcase time="0.002" classname="org.semanticweb.HermiT.reasoner.ReasonerCoreBlockingTest" name="testIanT1a"/>
  <testcase time="0.002" classname="org.semanticweb.HermiT.reasoner.ReasonerCoreBlockingTest" name="testIanT1b"/>
  <testcase time="0.002" classname="org.semanticweb.HermiT.reasoner.ReasonerCoreBlockingTest" name="testIanT1c"/>
  <testcase time="0.003" classname="org.semanticweb.HermiT.reasoner.ReasonerCoreBlockingTest" name="testIanT2"/>
  <testcase time="0.043" classname="org.semanticweb.HermiT.reasoner.ReasonerCoreBlockingTest" name="testIanT3"/>
  <testcase time="0.003" classname="org.semanticweb.HermiT.reasoner.ReasonerCoreBlockingTest" name="testIanT4"/>
  <testcase time="0.002" classname="org.semanticweb.HermiT.reasoner.ReasonerCoreBlockingTest" name="testIanT5"/>
  <testcase time="0.002" classname="org.semanticweb.HermiT.reasoner.ReasonerCoreBlockingTest" name="testIanT7a"/>
  <testcase time="0.002" classname="org.semanticweb.HermiT.reasoner.ReasonerCoreBlockingTest" name="testIanT7b"/>
  <testcase time="0.002" classname="org.semanticweb.HermiT.reasoner.ReasonerCoreBlockingTest" name="testIanT7c"/>
  <testcase time="0.002" classname="org.semanticweb.HermiT.reasoner.ReasonerCoreBlockingTest" name="testIanT8a"/>
  <testcase time="0.002" classname="org.semanticweb.HermiT.reasoner.ReasonerCoreBlockingTest" name="testIanT8"/>
  <testcase time="0.003" classname="org.semanticweb.HermiT.reasoner.ReasonerCoreBlockingTest" name="testIanT10"/>
  <testcase time="0.002" classname="org.semanticweb.HermiT.reasoner.ReasonerCoreBlockingTest" name="testIanT11"/>
  <testcase time="0.002" classname="org.semanticweb.HermiT.reasoner.ReasonerCoreBlockingTest" name="testIanT12"/>
  <testcase time="0.004" classname="org.semanticweb.HermiT.reasoner.ReasonerCoreBlockingTest" name="testIanT13"/>
  <testcase time="0.002" classname="org.semanticweb.HermiT.reasoner.ReasonerCoreBlockingTest" name="testIanFact1"/>
  <testcase time="0.002" classname="org.semanticweb.HermiT.reasoner.ReasonerCoreBlockingTest" name="testIanFact2"/>
  <testcase time="0.002" classname="org.semanticweb.HermiT.reasoner.ReasonerCoreBlockingTest" name="testIanFact3"/>
  <testcase time="0.002" classname="org.semanticweb.HermiT.reasoner.ReasonerCoreBlockingTest" name="testIanFact4"/>
  <testcase time="0.002" classname="org.semanticweb.HermiT.reasoner.ReasonerCoreBlockingTest" name="testIanBug1b"/>
  <testcase time="0.007" classname="org.semanticweb.HermiT.reasoner.ReasonerCoreBlockingTest" name="testIanBug3"/>
  <testcase time="0.003" classname="org.semanticweb.HermiT.reasoner.ReasonerCoreBlockingTest" name="testIanBug4"/>
  <testcase time="0.002" classname="org.semanticweb.HermiT.reasoner.ReasonerCoreBlockingTest" name="testIanBug5"/>
  <testcase time="0.003" classname="org.semanticweb.HermiT.reasoner.ReasonerCoreBlockingTest" name="testIanBug6"/>
  <testcase time="0.002" classname="org.semanticweb.HermiT.reasoner.ReasonerCoreBlockingTest" name="testIanBug7"/>
  <testcase time="0.002" classname="org.semanticweb.HermiT.reasoner.ReasonerCoreBlockingTest" name="testIanBug8"/>
  <testcase time="0.004" classname="org.semanticweb.HermiT.reasoner.ReasonerCoreBlockingTest" name="testIanMergeTest1"/>
  <testcase time="0.004" classname="org.semanticweb.HermiT.reasoner.ReasonerCoreBlockingTest" name="testIanMergeTest2"/>
  <testcase time="0.004" classname="org.semanticweb.HermiT.reasoner.ReasonerCoreBlockingTest" name="testIanQNRTest"/>
  <testcase time="0.002" classname="org.semanticweb.HermiT.reasoner.ReasonerCoreBlockingTest" name="testIanRecursiveDefinitionTest1"/>
  <testcase time="0.003" classname="org.semanticweb.HermiT.reasoner.ReasonerCoreBlockingTest" name="testIanRecursiveDefinitionTest2"/>
  <testcase time="0.004" classname="org.semanticweb.HermiT.reasoner.ReasonerCoreBlockingTest" name="testIanRecursiveDefinitionTest3"/>
  <testcase time="0.003" classname="org.semanticweb.HermiT.reasoner.ReasonerCoreBlockingTest" name="testIanBackjumping1"/>
  <testcase time="0.004" classname="org.semanticweb.HermiT.reasoner.ReasonerCoreBlockingTest" name="testIanBackjumping2"/>
  <testcase time="0.004" classname="org.semanticweb.HermiT.reasoner.ReasonerCoreBlockingTest" name="testIanBackjumping3"/>
  <testcase time="0.002" classname="org.semanticweb.HermiT.reasoner.ReasonerCoreBlockingTest" name="testNominals1"/>
  <testcase time="0.013" classname="org.semanticweb.HermiT.reasoner.ReasonerCoreBlockingTest" name="testNominals2"/>
  <testcase time="0.003" classname="org.semanticweb.HermiT.reasoner.ReasonerCoreBlockingTest" name="testNominals3"/>
  <testcase time="0.003" classname="org.semanticweb.HermiT.reasoner.ReasonerCoreBlockingTest" name="testNominals4"/>
  <testcase time="0.003" classname="org.semanticweb.HermiT.reasoner.ReasonerCoreBlockingTest" name="testNominals5"/>
  <testcase time="0.003" classname="org.semanticweb.HermiT.reasoner.ReasonerCoreBlockingTest" name="testNominals6"/>
  <testcase time="0.002" classname="org.semanticweb.HermiT.reasoner.ReasonerCoreBlockingTest" name="testNovelNominals"/>
  <testcase time="0.002" classname="org.semanticweb.HermiT.reasoner.ReasonerCoreBlockingTest" name="testKeys1"/>
  <testcase time="0.002" classname="org.semanticweb.HermiT.reasoner.ReasonerCoreBlockingTest" name="testKeys2"/>
  <testcase time="0.002" classname="org.semanticweb.HermiT.reasoner.ReasonerCoreBlockingTest" name="testNominalMerging"/>
  <testcase time="0.006" classname="org.semanticweb.HermiT.reasoner.ReasonerCoreBlockingTest" name="testNIRuleBlockingWithUnraveling"/>
  <testcase time="0.002" classname="org.semanticweb.HermiT.reasoner.ReasonerCoreBlockingTest" name="testPunning"/>
  <testcase time="0.002" classname="org.semanticweb.HermiT.reasoner.ReasonerCoreBlockingTest" name="testPunning2"/>
  <testcase time="0.002" classname="org.semanticweb.HermiT.reasoner.ReasonerCoreBlockingTest" name="testPunning3"/>
  <testcase time="0.002" classname="org.semanticweb.HermiT.reasoner.ReasonerCoreBlockingTest" name="testInverses2"/>
  <testcase time="0.002" classname="org.semanticweb.HermiT.reasoner.ReasonerCoreBlockingTest" name="testMissingCBug"/>
  <testcase time="0.002" classname="org.semanticweb.HermiT.reasoner.ReasonerCoreBlockingTest" name="testInverses"/>
  <testcase time="0.001" classname="org.semanticweb.HermiT.reasoner.ReasonerCoreBlockingTest" name="testAnonymousIndiviuals2"/>
  <testcase time="0.001" classname="org.semanticweb.HermiT.reasoner.ReasonerCoreBlockingTest" name="testAnonymousIndiviuals3"/>
  <testcase time="0.003" classname="org.semanticweb.HermiT.reasoner.ReasonerCoreBlockingTest" name="testSatisfiabilityWithRIAs1"/>
  <testcase time="0.003" classname="org.semanticweb.HermiT.reasoner.ReasonerCoreBlockingTest" name="testSatisfiabilityWithRIAs2"/>
  <testcase time="0.002" classname="org.semanticweb.HermiT.reasoner.ReasonerCoreBlockingTest" name="testSatisfiabilityWithRIAs3"/>
  <testcase time="0.002" classname="org.semanticweb.HermiT.reasoner.ReasonerCoreBlockingTest" name="testSatisfiabilityWithRIAs4"/>
  <testcase time="0.002" classname="org.semanticweb.HermiT.reasoner.ReasonerCoreBlockingTest" name="testSatisfiabilityWithRIAs5"/>
  <testcase time="0.002" classname="org.semanticweb.HermiT.reasoner.ReasonerCoreBlockingTest" name="testSatisfiabilityWithRIAs6"/>
  <testcase time="0.002" classname="org.semanticweb.HermiT.reasoner.ReasonerCoreBlockingTest" name="testSatisfiabilityWithRIAs7"/>
  <testcase time="0.002" classname="org.semanticweb.HermiT.reasoner.ReasonerCoreBlockingTest" name="testSatisfiabilityWithRIAs8"/>
  <testcase time="0.002" classname="org.semanticweb.HermiT.reasoner.ReasonerCoreBlockingTest" name="testSatisfiabilityWithRIAs9"/>
  <testcase time="0.002" classname="org.semanticweb.HermiT.reasoner.ReasonerCoreBlockingTest" name="testSatisfiabilityWithRIAs10"/>
  <testcase time="0.002" classname="org.semanticweb.HermiT.reasoner.ReasonerCoreBlockingTest" name="testSatisfiabilityWithRIAs11"/>
  <testcase time="0.002" classname="org.semanticweb.HermiT.reasoner.ReasonerCoreBlockingTest" name="testSatisfiabilityWithRIAs11b"/>
  <testcase time="0.002" classname="org.semanticweb.HermiT.reasoner.ReasonerCoreBlockingTest" name="testSatisfiabilityWithRIAs12"/>
  <testcase time="0.002" classname="org.semanticweb.HermiT.reasoner.ReasonerCoreBlockingTest" name="testSatisfiabilityWithRIAs13"/>
  <testcase time="0.002" classname="org.semanticweb.HermiT.reasoner.ReasonerCoreBlockingTest" name="testSatisfiabilityWithRIAs14"/>
</testsuite>