<?xml version="1.0" encoding="UTF-8" ?>
<testsuite failures="0" time="1.124" errors="0" skipped="0" tests="187" name="org.semanticweb.HermiT.reasoner.ReasonerIndividualReuseTest">
  <properties>
[...]
</properties>
  <testcase time="0.004" classname="org.semanticweb.HermiT.reasoner.ReasonerIndividualReuseTest" name="testUniversalRolePartitionedABox"/>
  <testcase time="0.002" classname="org.semanticweb.HermiT.reasoner.ReasonerIndividualReuseTest" name="testIncrementalWithSameAs"/>
  <testcase time="0.065" classname="org.semanticweb.HermiT.reasoner.ReasonerIndividualReuseTest" name="testClassificationWithValidatedBlockingError"/>
  <testcase time="0.007" classname="org.semanticweb.HermiT.reasoner.ReasonerIndividualReuseTest" name="testIncrementalWithNegatedHasValue"/>
  <testcase time="0.005" classname="org.semanticweb.HermiT.reasoner.ReasonerIndividualReuseTest" name="testIncrementalWithHasValue"/>
  <testcase time="0.004" classname="org.semanticweb.HermiT.reasoner.ReasonerIndividualReuseTest" name="testIncrementalWithNegatedClass"/>
  <testcase time="0.005" classname="org.semanticweb.HermiT.reasoner.ReasonerIndividualReuseTest" name="testIncrementalWithClass"/>
  <testcase time="0.004" classname="org.semanticweb.HermiT.reasoner.ReasonerIndividualReuseTest" name="testIncrementalWithNegatedHasSelf"/>
  <testcase time="0.009" classname="org.semanticweb.HermiT.reasoner.ReasonerIndividualReuseTest" name="testIncrementalWithHasSelf"/>
  <testcase time="0.004" classname="org.semanticweb.HermiT.reasoner.ReasonerIndividualReuseTest" name="testIncrementalWithFreshNames"/>
  <testcase time="0.079" classname="org.semanticweb.HermiT.reasoner.ReasonerIndividualReuseTest" name="testInstanteManagerError"/>
  <testcase time="0.003" classname="org.semanticweb.HermiT.reasoner.ReasonerIndividualReuseTest" name="testTopOPEquivalence"/>
  <testcase time="0.004" classname="org.semanticweb.HermiT.reasoner.ReasonerIndividualReuseTest" name="testReflexiveAndSameAs"/>
  <testcase time="0.002" classname="org.semanticweb.HermiT.reasoner.ReasonerIndividualReuseTest" name="testFreshEntityEntailment"/>
  <testcase time="0.004" classname="org.semanticweb.HermiT.reasoner.ReasonerIndividualReuseTest" name="testUniversalRoleSubsumption"/>
  <testcase time="0.01" classname="org.semanticweb.HermiT.reasoner.ReasonerIndividualReuseTest" name="testPrecomputeDisjointClasses"/>
  <testcase time="0.005" classname="org.semanticweb.HermiT.reasoner.ReasonerIndividualReuseTest" name="testKeys3"/>
  <testcase time="0.003" classname="org.semanticweb.HermiT.reasoner.ReasonerIndividualReuseTest" name="testEquivalentClassInstances"/>
  <testcase time="0.003" classname="org.semanticweb.HermiT.reasoner.ReasonerIndividualReuseTest" name="testObjectPropertySubsumptionsNoNominals"/>
  <testcase time="0.003" classname="org.semanticweb.HermiT.reasoner.ReasonerIndividualReuseTest" name="testObjectPropertySubsumptionsNominals"/>
  <testcase time="0.003" classname="org.semanticweb.HermiT.reasoner.ReasonerIndividualReuseTest" name="testBottomObjectPropertyAssertion"/>
  <testcase time="0.004" classname="org.semanticweb.HermiT.reasoner.ReasonerIndividualReuseTest" name="testDataPropertyEntailment"/>
  <testcase time="0.007" classname="org.semanticweb.HermiT.reasoner.ReasonerIndividualReuseTest" name="testPropertyInstanceRetrieval"/>
  <testcase time="0.096" classname="org.semanticweb.HermiT.reasoner.ReasonerIndividualReuseTest" name="testClassificationSubClassBug"/>
  <testcase time="0.004" classname="org.semanticweb.HermiT.reasoner.ReasonerIndividualReuseTest" name="testNegativeObjectPropertyAssertionWithNonSimple"/>
  <testcase time="0.003" classname="org.semanticweb.HermiT.reasoner.ReasonerIndividualReuseTest" name="testPropertyEnailmentFromAlan"/>
  <testcase time="0.007" classname="org.semanticweb.HermiT.reasoner.ReasonerIndividualReuseTest" name="testSubProperties"/>
  <testcase time="0.003" classname="org.semanticweb.HermiT.reasoner.ReasonerIndividualReuseTest" name="testUnknownClassHierarcyPosition"/>
  <testcase time="0.002" classname="org.semanticweb.HermiT.reasoner.ReasonerIndividualReuseTest" name="testUnknownDatatypes"/>
  <testcase time="0.005" classname="org.semanticweb.HermiT.reasoner.ReasonerIndividualReuseTest" name="testRoleChains"/>
  <testcase time="0.003" classname="org.semanticweb.HermiT.reasoner.ReasonerIndividualReuseTest" name="testRoleChainsWithTransitiveSymmetric"/>
  <testcase time="0.006" classname="org.semanticweb.HermiT.reasoner.ReasonerIndividualReuseTest" name="testRoleSubsumptionWithChainsTransitiveSymmetric"/>
  <testcase time="0.003" classname="org.semanticweb.HermiT.reasoner.ReasonerIndividualReuseTest" name="testRoleSubsumption"/>
  <testcase time="0.005" classname="org.semanticweb.HermiT.reasoner.ReasonerIndividualReuseTest" name="testIsFunctionalData"/>
  <testcase time="0.002" classname="org.semanticweb.HermiT.reasoner.ReasonerIndividualReuseTest" name="testIsFunctionalObject"/>
  <testcase time="0.002" classname="org.semanticweb.HermiT.reasoner.ReasonerIndividualReuseTest" name="testIsInverseFunctionalObject"/>
  <testcase time="0.003" classname="org.semanticweb.HermiT.reasoner.ReasonerIndividualReuseTest" name="testIsReflexiveObject"/>
  <testcase time="0.002" classname="org.semanticweb.HermiT.reasoner.ReasonerIndividualReuseTest" name="testIsIrreflexiveObject"/>
  <testcase time="0.003" classname="org.semanticweb.HermiT.reasoner.ReasonerIndividualReuseTest" name="testIsSymmetricObject"/>
  <testcase time="0.003" classname="org.semanticweb.HermiT.reasoner.ReasonerIndividualReuseTest" name="testIsAsymmetricObject"/>
  <testcase time="0.004" classname="org.semanticweb.HermiT.reasoner.ReasonerIndividualReuseTest" name="testIsTransitiveObject"/>
  <testcase time="0.016" classname="org.semanticweb.HermiT.reasoner.ReasonerIndividualReuseTest" name="testLearningBacktracking"/>
  <testcase time="0.003" classname="org.semanticweb.HermiT.reasoner.ReasonerIndividualReuseTest" name="testSameAs"/>
  <testcase time="0.003" classname="org.semanticweb.HermiT.reasoner.ReasonerIndividualReuseTest" name="testObjectPropertyDomainsTimothyBug"/>
  <testcase time="0.108" classname="org.semanticweb.HermiT.reasoner.ReasonerIndividualReuseTest" name="testDatatypeLiterals"/>
  <testcase time="0.002" classname="org.semanticweb.HermiT.reasoner.ReasonerIndividualReuseTest" name="testIndividualRetrievalBug"/>
  <testcase time="0.004" classname="org.semanticweb.HermiT.reasoner.ReasonerIndividualReuseTest" name="testIndividualRetrieval"/>
  <testcase time="0.003" classname="org.semanticweb.HermiT.reasoner.ReasonerIndividualReuseTest" name="testDataTypeRestriction"/>
  <testcase time="0.002" classname="org.semanticweb.HermiT.reasoner.ReasonerIndividualReuseTest" name="testAnonymousIndividualConstraints"/>
  <testcase time="0.001" classname="org.semanticweb.HermiT.reasoner.ReasonerIndividualReuseTest" name="testAnonymousIndividualConstraints2"/>
  <testcase time="0.001" classname="org.semanticweb.HermiT.reasoner.ReasonerIndividualReuseTest" name="testAnonymousIndividualConstraints3"/>
  <testcase time="0.001" classname="org.semanticweb.HermiT.reasoner.ReasonerIndividualReuseTest" name="testAnonymousIndividualConstraints4"/>
  <testcase time="0.002" classname="org.semanticweb.HermiT.reasoner.ReasonerIndividualReuseTest" name="testTransitivity"/>
  <testcase time="0.002" classname="org.semanticweb.HermiT.reasoner.ReasonerIndividualReuseTest" name="testSubAndSuperConcepts"/>
  <testcase time="0.003" classname="org.semanticweb.HermiT.reasoner.ReasonerIndividualReuseTest" name="testSubAndSuperRoles"/>
  <testcase time="0.002" classname="org.semanticweb.HermiT.reasoner.ReasonerIndividualReuseTest" name="testSubRolesChain"/>
  <testcase time="0.002" classname="org.semanticweb.HermiT.reasoner.ReasonerIndividualReuseTest" name="testHasKeyEntailment"/>
  <testcase time="0.002" classname="org.semanticweb.HermiT.reasoner.ReasonerIndividualReuseTest" name="testHasKeyNonEntailment"/>
  <testcase time="0.008" classname="org.semanticweb.HermiT.reasoner.ReasonerIndividualReuseTest" name="testDatatypeDefEntailment"/>
  <testcase time="0.003" classname="org.semanticweb.HermiT.reasoner.ReasonerIndividualReuseTest" name="testDomainRange"/>
  <testcase time="0.003" classname="org.semanticweb.HermiT.reasoner.ReasonerIndividualReuseTest" name="testDateTime2"/>
  <testcase time="0.003" classname="org.semanticweb.HermiT.reasoner.ReasonerIndividualReuseTest" name="testChains1"/>
  <testcase time="0.002" classname="org.semanticweb.HermiT.reasoner.ReasonerIndividualReuseTest" name="testChains2"/>
  <testcase time="0.002" classname="org.semanticweb.HermiT.reasoner.ReasonerIndividualReuseTest" name="testChains3"/>
  <testcase time="0.002" classname="org.semanticweb.HermiT.reasoner.ReasonerIndividualReuseTest" name="testChains4"/>
  <testcase time="0.002" classname="org.semanticweb.HermiT.reasoner.ReasonerIndividualReuseTest" name="testAnonymousIndiviuals1"/>
  <testcase time="0.002" classname="org.semanticweb.HermiT.reasoner.ReasonerIndividualReuseTest" name="testDateTime"/>
  <testcase time="0.002" classname="org.semanticweb.HermiT.reasoner.ReasonerIndividualReuseTest" name="testDataRanges"/>
  <testcase time="0.002" classname="org.semanticweb.HermiT.reasoner.ReasonerIndividualReuseTest" name="testBottomDataProperty"/>
  <testcase time="0.002" classname="org.semanticweb.HermiT.reasoner.ReasonerIndividualReuseTest" name="testChains"/>
  <testcase time="0.002" classname="org.semanticweb.HermiT.reasoner.ReasonerIndividualReuseTest" name="testHasKeysOnlyNamed"/>
  <testcase time="0.002" classname="org.semanticweb.HermiT.reasoner.ReasonerIndividualReuseTest" name="testNegativeDataPropertyAssertion"/>
  <testcase time="0.003" classname="org.semanticweb.HermiT.reasoner.ReasonerIndividualReuseTest" name="testKeys"/>
  <testcase time="0.002" classname="org.semanticweb.HermiT.reasoner.ReasonerIndividualReuseTest" name="testKeysNegatedClass"/>
  <testcase time="0.003" classname="org.semanticweb.HermiT.reasoner.ReasonerIndividualReuseTest" name="testNonUnaryKeys"/>
  <testcase time="0.002" classname="org.semanticweb.HermiT.reasoner.ReasonerIndividualReuseTest" name="testNonUnaryKeys2"/>
  <testcase time="0.021" classname="org.semanticweb.HermiT.reasoner.ReasonerIndividualReuseTest" name="testHierarchyPrinting1"/>
  <testcase time="0.011" classname="org.semanticweb.HermiT.reasoner.ReasonerIndividualReuseTest" name="testHierarchyPrinting2"/>
  <testcase time="0.003" classname="org.semanticweb.HermiT.reasoner.ReasonerIndividualReuseTest" name="testHierarchyPrinting3"/>
  <testcase time="0.004" classname="org.semanticweb.HermiT.reasoner.ReasonerIndividualReuseTest" name="testObjectPropertyHierarchy"/>
  <testcase time="0.003" classname="org.semanticweb.HermiT.reasoner.ReasonerIndividualReuseTest" name="testSemanticObjectPropertyClassification"/>
  <testcase time="0.006" classname="org.semanticweb.HermiT.reasoner.ReasonerIndividualReuseTest" name="testDataPropertyHierarchy"/>
  <testcase time="0.002" classname="org.semanticweb.HermiT.reasoner.ReasonerIndividualReuseTest" name="testDataPropertySemantics"/>
  <testcase time="0.004" classname="org.semanticweb.HermiT.reasoner.ReasonerIndividualReuseTest" name="testSemanticDataPropertyClassification"/>
  <testcase time="0.008" classname="org.semanticweb.HermiT.reasoner.ReasonerIndividualReuseTest" name="testComplexConceptInstanceRetrieval"/>
  <testcase time="0.006" classname="org.semanticweb.HermiT.reasoner.ReasonerIndividualReuseTest" name="testWidmann1"/>
  <testcase time="0.004" classname="org.semanticweb.HermiT.reasoner.ReasonerIndividualReuseTest" name="testWidmann2"/>
  <testcase time="0.118" classname="org.semanticweb.HermiT.reasoner.ReasonerIndividualReuseTest" name="testWidmann3"/>
  <testcase time="0.002" classname="org.semanticweb.HermiT.reasoner.ReasonerIndividualReuseTest" name="testReflexivity"/>
  <testcase time="0.002" classname="org.semanticweb.HermiT.reasoner.ReasonerIndividualReuseTest" name="testNegProperties"/>
  <testcase time="0.001" classname="org.semanticweb.HermiT.reasoner.ReasonerIndividualReuseTest" name="testIrreflexivity"/>
  <testcase time="0.002" classname="org.semanticweb.HermiT.reasoner.ReasonerIndividualReuseTest" name="testRoleDisjointness_1"/>
  <testcase time="0.002" classname="org.semanticweb.HermiT.reasoner.ReasonerIndividualReuseTest" name="testRoleDisjointness_2"/>
  <testcase time="0.002" classname="org.semanticweb.HermiT.reasoner.ReasonerIndividualReuseTest" name="testRoleDisjointness2"/>
  <testcase time="0.001" classname="org.semanticweb.HermiT.reasoner.ReasonerIndividualReuseTest" name="testExistsSelf1"/>
  <testcase time="0.002" classname="org.semanticweb.HermiT.reasoner.ReasonerIndividualReuseTest" name="testExistsSelf2"/>
  <testcase time="0.002" classname="org.semanticweb.HermiT.reasoner.ReasonerIndividualReuseTest" name="testAsymmetry"/>
  <testcase time="0.002" classname="org.semanticweb.HermiT.reasoner.ReasonerIndividualReuseTest" name="testSatisfiability1"/>
  <testcase time="0.001" classname="org.semanticweb.HermiT.reasoner.ReasonerIndividualReuseTest" name="testSatisfiability2"/>
  <testcase time="0.002" classname="org.semanticweb.HermiT.reasoner.ReasonerIndividualReuseTest" name="testSatisfiability3"/>
  <testcase time="0.001" classname="org.semanticweb.HermiT.reasoner.ReasonerIndividualReuseTest" name="testSatisfiability4"/>
  <testcase time="0.005" classname="org.semanticweb.HermiT.reasoner.ReasonerIndividualReuseTest" name="testChanges"/>
  <testcase time="0.002" classname="org.semanticweb.HermiT.reasoner.ReasonerIndividualReuseTest" name="testSubsumption1"/>
  <testcase time="0.003" classname="org.semanticweb.HermiT.reasoner.ReasonerIndividualReuseTest" name="testSubsumption2"/>
  <testcase time="0.002" classname="org.semanticweb.HermiT.reasoner.ReasonerIndividualReuseTest" name="testSubsumption3"/>
  <testcase time="0.003" classname="org.semanticweb.HermiT.reasoner.ReasonerIndividualReuseTest" name="testHeinsohnTBox1"/>
  <testcase time="0.003" classname="org.semanticweb.HermiT.reasoner.ReasonerIndividualReuseTest" name="testHeinsohnTBox2"/>
  <testcase time="0.003" classname="org.semanticweb.HermiT.reasoner.ReasonerIndividualReuseTest" name="testHeinsohnTBox3c"/>
  <testcase time="0.002" classname="org.semanticweb.HermiT.reasoner.ReasonerIndividualReuseTest" name="testHeinsohnTBox3cIrh"/>
  <testcase time="0.008" classname="org.semanticweb.HermiT.reasoner.ReasonerIndividualReuseTest" name="testHeinsohnTBox3"/>
  <testcase time="0.003" classname="org.semanticweb.HermiT.reasoner.ReasonerIndividualReuseTest" name="testHeinsohnTBox3Modified"/>
  <testcase time="0.002" classname="org.semanticweb.HermiT.reasoner.ReasonerIndividualReuseTest" name="testHeinsohnTBox4a"/>
  <testcase time="0.002" classname="org.semanticweb.HermiT.reasoner.ReasonerIndividualReuseTest" name="testHeinsohnTBox4b"/>
  <testcase time="0.002" classname="org.semanticweb.HermiT.reasoner.ReasonerIndividualReuseTest" name="testHeinsohnTBox7"/>
  <testcase time="0.003" classname="org.semanticweb.HermiT.reasoner.ReasonerIndividualReuseTest" name="testIanT1a"/>
  <testcase time="0.002" classname="org.semanticweb.HermiT.reasoner.ReasonerIndividualReuseTest" name="testIanT1b"/>
  <testcase time="0.003" classname="org.semanticweb.HermiT.reasoner.ReasonerIndividualReuseTest" name="testIanT1c"/>
  <testcase time="0.002" classname="org.semanticweb.HermiT.reasoner.ReasonerIndividualReuseTest" name="testIanT2"/>
  <testcase time="0.059" classname="org.semanticweb.HermiT.reasoner.ReasonerIndividualReuseTest" name="testIanT3"/>
  <testcase time="0.003" classname="org.semanticweb.HermiT.reasoner.ReasonerIndividualReuseTest" name="testIanT4"/>
  <testcase time="0.002" classname="org.semanticweb.HermiT.reasoner.ReasonerIndividualReuseTest" name="testIanT5"/>
  <testcase time="0.002" classname="org.semanticweb.HermiT.reasoner.ReasonerIndividualReuseTest" name="testIanT6"/>
  <testcase time="0.002" classname="org.semanticweb.HermiT.reasoner.ReasonerIndividualReuseTest" name="testIanT7a"/>
  <testcase time="0.003" classname="org.semanticweb.HermiT.reasoner.ReasonerIndividualReuseTest" name="testIanT7b"/>
  <testcase time="0.002" classname="org.semanticweb.HermiT.reasoner.ReasonerIndividualReuseTest" name="testIanT7c"/>
  <testcase time="0.001" classname="org.semanticweb.HermiT.reasoner.ReasonerIndividualReuseTest" name="testIanT8a"/>
  <testcase time="0.002" classname="org.semanticweb.HermiT.reasoner.ReasonerIndividualReuseTest" name="testIanT8"/>
  <testcase time="0.002" classname="org.semanticweb.HermiT.reasoner.ReasonerIndividualReuseTest" name="testIanT9"/>
  <testcase time="0.004" classname="org.semanticweb.HermiT.reasoner.ReasonerIndividualReuseTest" name="testIanT10"/>
  <testcase time="0.002" classname="org.semanticweb.HermiT.reasoner.ReasonerIndividualReuseTest" name="testIanT11"/>
  <testcase time="0.002" classname="org.semanticweb.HermiT.reasoner.ReasonerIndividualReuseTest" name="testIanT12"/>
  <testcase time="0.005" classname="org.semanticweb.HermiT.reasoner.ReasonerIndividualReuseTest" name="testIanT13"/>
  <testcase time="0.002" classname="org.semanticweb.HermiT.reasoner.ReasonerIndividualReuseTest" name="testIanFact1"/>
  <testcase time="0.002" classname="org.semanticweb.HermiT.reasoner.ReasonerIndividualReuseTest" name="testIanFact2"/>
  <testcase time="0.002" classname="org.semanticweb.HermiT.reasoner.ReasonerIndividualReuseTest" name="testIanFact3"/>
  <testcase time="0.003" classname="org.semanticweb.HermiT.reasoner.ReasonerIndividualReuseTest" name="testIanFact4"/>
  <testcase time="0.002" classname="org.semanticweb.HermiT.reasoner.ReasonerIndividualReuseTest" name="testIanBug1b"/>
  <testcase time="0.007" classname="org.semanticweb.HermiT.reasoner.ReasonerIndividualReuseTest" name="testIanBug3"/>
  <testcase time="0.003" classname="org.semanticweb.HermiT.reasoner.ReasonerIndividualReuseTest" name="testIanBug4"/>
  <testcase time="0.002" classname="org.semanticweb.HermiT.reasoner.ReasonerIndividualReuseTest" name="testIanBug5"/>
  <testcase time="0.003" classname="org.semanticweb.HermiT.reasoner.ReasonerIndividualReuseTest" name="testIanBug6"/>
  <testcase time="0.002" classname="org.semanticweb.HermiT.reasoner.ReasonerIndividualReuseTest" name="testIanBug7"/>
  <testcase time="0.002" classname="org.semanticweb.HermiT.reasoner.ReasonerIndividualReuseTest" name="testIanBug8"/>
  <testcase time="0.004" classname="org.semanticweb.HermiT.reasoner.ReasonerIndividualReuseTest" name="testIanMergeTest1"/>
  <testcase time="0.004" classname="org.semanticweb.HermiT.reasoner.ReasonerIndividualReuseTest" name="testIanMergeTest2"/>
  <testcase time="0.003" classname="org.semanticweb.HermiT.reasoner.ReasonerIndividualReuseTest" name="testIanQNRTest"/>
  <testcase time="0.002" classname="org.semanticweb.HermiT.reasoner.ReasonerIndividualReuseTest" name="testIanRecursiveDefinitionTest1"/>
  <testcase time="0.003" classname="org.semanticweb.HermiT.reasoner.ReasonerIndividualReuseTest" name="testIanRecursiveDefinitionTest2"/>
  <testcase time="0.004" classname="org.semanticweb.HermiT.reasoner.ReasonerIndividualReuseTest" name="testIanRecursiveDefinitionTest3"/>
  <testcase time="0.004" classname="org.semanticweb.HermiT.reasoner.ReasonerIndividualReuseTest" name="testIanBackjumping1"/>
  <testcase time="0.004" classname="org.semanticweb.HermiT.reasoner.ReasonerIndividualReuseTest" name="testIanBackjumping2"/>
  <testcase time="0.005" classname="org.semanticweb.HermiT.reasoner.ReasonerIndividualReuseTest" name="testIanBackjumping3"/>
  <testcase time="0.002" classname="org.semanticweb.HermiT.reasoner.ReasonerIndividualReuseTest" name="testNominals1"/>
  <testcase time="0.003" classname="org.semanticweb.HermiT.reasoner.ReasonerIndividualReuseTest" name="testNominals2"/>
  <testcase time="0.003" classname="org.semanticweb.HermiT.reasoner.ReasonerIndividualReuseTest" name="testNominals3"/>
  <testcase time="0.002" classname="org.semanticweb.HermiT.reasoner.ReasonerIndividualReuseTest" name="testNominals4"/>
  <testcase time="0.003" classname="org.semanticweb.HermiT.reasoner.ReasonerIndividualReuseTest" name="testNominals5"/>
  <testcase time="0.002" classname="org.semanticweb.HermiT.reasoner.ReasonerIndividualReuseTest" name="testNominals6"/>
  <testcase time="0.005" classname="org.semanticweb.HermiT.reasoner.ReasonerIndividualReuseTest" name="testDependencyDisjunctionMergingBug"/>
  <testcase time="0.003" classname="org.semanticweb.HermiT.reasoner.ReasonerIndividualReuseTest" name="testNovelNominals"/>
  <testcase time="0.002" classname="org.semanticweb.HermiT.reasoner.ReasonerIndividualReuseTest" name="testKeys1"/>
  <testcase time="0.003" classname="org.semanticweb.HermiT.reasoner.ReasonerIndividualReuseTest" name="testKeys2"/>
  <testcase time="0.002" classname="org.semanticweb.HermiT.reasoner.ReasonerIndividualReuseTest" name="testNominalMerging"/>
  <testcase time="0.011" classname="org.semanticweb.HermiT.reasoner.ReasonerIndividualReuseTest" name="testNIRuleBlockingWithUnraveling"/>
  <testcase time="0.002" classname="org.semanticweb.HermiT.reasoner.ReasonerIndividualReuseTest" name="testPunning"/>
  <testcase time="0.002" classname="org.semanticweb.HermiT.reasoner.ReasonerIndividualReuseTest" name="testPunning2"/>
  <testcase time="0.002" classname="org.semanticweb.HermiT.reasoner.ReasonerIndividualReuseTest" name="testPunning3"/>
  <testcase time="0.002" classname="org.semanticweb.HermiT.reasoner.ReasonerIndividualReuseTest" name="testInverses2"/>
  <testcase time="0.003" classname="org.semanticweb.HermiT.reasoner.ReasonerIndividualReuseTest" name="testMissingCBug"/>
  <testcase time="0.002" classname="org.semanticweb.HermiT.reasoner.ReasonerIndividualReuseTest" name="testInverses"/>
  <testcase time="0.003" classname="org.semanticweb.HermiT.reasoner.ReasonerIndividualReuseTest" name="testAnonymousIndiviuals2"/>
  <testcase time="0.002" classname="org.semanticweb.HermiT.reasoner.ReasonerIndividualReuseTest" name="testAnonymousIndiviuals3"/>
  <testcase time="0.003" classname="org.semanticweb.HermiT.reasoner.ReasonerIndividualReuseTest" name="testSatisfiabilityWithRIAs1"/>
  <testcase time="0.003" classname="org.semanticweb.HermiT.reasoner.ReasonerIndividualReuseTest" name="testSatisfiabilityWithRIAs2"/>
  <testcase time="0.003" classname="org.semanticweb.HermiT.reasoner.ReasonerIndividualReuseTest" name="testSatisfiabilityWithRIAs3"/>
  <testcase time="0.003" classname="org.semanticweb.HermiT.reasoner.ReasonerIndividualReuseTest" name="testSatisfiabilityWithRIAs4"/>
  <testcase time="0.002" classname="org.semanticweb.HermiT.reasoner.ReasonerIndividualReuseTest" name="testSatisfiabilityWithRIAs5"/>
  <testcase time="0.002" classname="org.semanticweb.HermiT.reasoner.ReasonerIndividualReuseTest" name="testSatisfiabilityWithRIAs6"/>
  <testcase time="0.002" classname="org.semanticweb.HermiT.reasoner.ReasonerIndividualReuseTest" name="testSatisfiabilityWithRIAs7"/>
  <testcase time="0.003" classname="org.semanticweb.HermiT.reasoner.ReasonerIndividualReuseTest" name="testSatisfiabilityWithRIAs8"/>
  <testcase time="0.002" classname="org.semanticweb.HermiT.reasoner.ReasonerIndividualReuseTest" name="testSatisfiabilityWithRIAs9"/>
  <testcase time="0.002" classname="org.semanticweb.HermiT.reasoner.ReasonerIndividualReuseTest" name="testSatisfiabilityWithRIAs10"/>
  <testcase time="0.003" classname="org.semanticweb.HermiT.reasoner.ReasonerIndividualReuseTest" name="testSatisfiabilityWithRIAs11"/>
  <testcase time="0.003" classname="org.semanticweb.HermiT.reasoner.ReasonerIndividualReuseTest" name="testSatisfiabilityWithRIAs11b"/>
  <testcase time="0.002" classname="org.semanticweb.HermiT.reasoner.ReasonerIndividualReuseTest" name="testSatisfiabilityWithRIAs12"/>
  <testcase time="0.003" classname="org.semanticweb.HermiT.reasoner.ReasonerIndividualReuseTest" name="testSatisfiabilityWithRIAs13"/>
  <testcase time="0.002" classname="org.semanticweb.HermiT.reasoner.ReasonerIndividualReuseTest" name="testSatisfiabilityWithRIAs14"/>
</testsuite>