<?xml version="1.0" encoding="UTF-8" ?>
<testsuite failures="1" time="0.155" errors="0" skipped="0" tests="57" name="org.semanticweb.HermiT.reasoner.DatatypesTest">
  <properties>
[...]
</properties>
  <testcase time="0.003" classname="org.semanticweb.HermiT.reasoner.DatatypesTest" name="testDateTime2"/>
  <testcase time="0.009" classname="org.semanticweb.HermiT.reasoner.DatatypesTest" name="testNotXsdString"/>
  <testcase time="0.003" classname="org.semanticweb.HermiT.reasoner.DatatypesTest" name="testdateTimeTimezones"/>
  <testcase time="0.002" classname="org.semanticweb.HermiT.reasoner.DatatypesTest" name="testDatatypeDef5"/>
  <testcase time="0.003" classname="org.semanticweb.HermiT.reasoner.DatatypesTest" name="testNominalsAndDatatypesFromAlan"/>
  <testcase time="0.002" classname="org.semanticweb.HermiT.reasoner.DatatypesTest" name="testDifferentLexicalForms"/>
  <testcase time="0.002" classname="org.semanticweb.HermiT.reasoner.DatatypesTest" name="testLiteralCustomDatatype"/>
  <testcase time="0.002" classname="org.semanticweb.HermiT.reasoner.DatatypesTest" name="testINF"/>
  <testcase time="0.002" classname="org.semanticweb.HermiT.reasoner.DatatypesTest" name="testFreshEntitiesQuery"/>
  <testcase time="0.002" classname="org.semanticweb.HermiT.reasoner.DatatypesTest" name="testParsingError"/>
  <testcase time="0.002" classname="org.semanticweb.HermiT.reasoner.DatatypesTest" name="testStringAbbreviation"/>
  <testcase time="0.003" classname="org.semanticweb.HermiT.reasoner.DatatypesTest" name="testLangAbbreviation"/>
  <testcase time="0.002" classname="org.semanticweb.HermiT.reasoner.DatatypesTest" name="testDatatypesUnsat1"/>
  <testcase time="0.003" classname="org.semanticweb.HermiT.reasoner.DatatypesTest" name="testDatatypesUnsat2"/>
  <testcase time="0.002" classname="org.semanticweb.HermiT.reasoner.DatatypesTest" name="testDatatypesUnsat3"/>
  <testcase time="0.002" classname="org.semanticweb.HermiT.reasoner.DatatypesTest" name="testDatatypesUnsat4"/>
  <testcase time="0.003" classname="org.semanticweb.HermiT.reasoner.DatatypesTest" name="testDatatypesSat"/>
  <testcase time="0.002" classname="org.semanticweb.HermiT.reasoner.DatatypesTest" name="testMinInclusiveMaxInclusive"/>
  <testcase time="0.003" classname="org.semanticweb.HermiT.reasoner.DatatypesTest" name="testDisjointDPsUnsat"/>
  <testcase time="0.003" classname="org.semanticweb.HermiT.reasoner.DatatypesTest" name="testDisjointDPsUnsatStrings"/>
  <testcase time="0.002" classname="org.semanticweb.HermiT.reasoner.DatatypesTest" name="testDisjointDPsSatInteger"/>
  <testcase time="0.002" classname="org.semanticweb.HermiT.reasoner.DatatypesTest" name="testAllValuesFromInteger1"/>
  <testcase time="0.003" classname="org.semanticweb.HermiT.reasoner.DatatypesTest" name="testAllValuesFromInteger2"/>
  <testcase time="0.003" classname="org.semanticweb.HermiT.reasoner.DatatypesTest" name="testAllValuesFromMixed1"/>
  <testcase time="0.003" classname="org.semanticweb.HermiT.reasoner.DatatypesTest" name="testAllValuesFromMixed2"/>
  <testcase time="0.003" classname="org.semanticweb.HermiT.reasoner.DatatypesTest" name="testAllValuesFromDifferentTypes1"/>
  <testcase time="0.003" classname="org.semanticweb.HermiT.reasoner.DatatypesTest" name="testAllValuesFromDifferentTypes2"/>
  <testcase time="0.002" classname="org.semanticweb.HermiT.reasoner.DatatypesTest" name="testAllValuesFromDifferentTypes3"/>
  <testcase time="0.003" classname="org.semanticweb.HermiT.reasoner.DatatypesTest" name="testNegZero1Integer"/>
  <testcase time="0.003" classname="org.semanticweb.HermiT.reasoner.DatatypesTest" name="testNegZero2Integer"/>
  <testcase time="0.002" classname="org.semanticweb.HermiT.reasoner.DatatypesTest" name="testIntPlusDecimal"/>
  <testcase time="0.002" classname="org.semanticweb.HermiT.reasoner.DatatypesTest" name="testIntPlusDecimal2"/>
  <testcase time="0.003" classname="org.semanticweb.HermiT.reasoner.DatatypesTest" name="testDecimals"/>
  <testcase time="0.002" classname="org.semanticweb.HermiT.reasoner.DatatypesTest" name="testDecimalPlusOWLreal"/>
  <testcase time="0.003" classname="org.semanticweb.HermiT.reasoner.DatatypesTest" name="testDecimalPlusInteger"/>
  <testcase time="0.002" classname="org.semanticweb.HermiT.reasoner.DatatypesTest" name="testDifferentOneOfs"/>
  <testcase time="0.003" classname="org.semanticweb.HermiT.reasoner.DatatypesTest" name="testFloatZeros">
    <failure message="expected:&lt;false&gt; but was:&lt;true&gt;" type="junit.framework.AssertionFailedError">junit.framework.AssertionFailedError: expected:&lt;false&gt; but was:&lt;true&gt;
	at junit.framework.Assert.fail(Assert.java:47)
	at junit.framework.Assert.failNotEquals(Assert.java:282)
	at junit.framework.Assert.assertEquals(Assert.java:64)
	at junit.framework.Assert.assertEquals(Assert.java:149)
	at junit.framework.Assert.assertEquals(Assert.java:155)
	at org.semanticweb.HermiT.reasoner.AbstractReasonerTest.assertABoxSatisfiable(AbstractReasonerTest.java:104)
	at org.semanticweb.HermiT.reasoner.DatatypesTest.testFloatZeros(DatatypesTest.java:361)
</failure>
  </testcase>
  <testcase time="0.003" classname="org.semanticweb.HermiT.reasoner.DatatypesTest" name="testFloatEnumInconsistent"/>
  <testcase time="0.003" classname="org.semanticweb.HermiT.reasoner.DatatypesTest" name="testRationals1"/>
  <testcase time="0.002" classname="org.semanticweb.HermiT.reasoner.DatatypesTest" name="testRationals2"/>
  <testcase time="0.003" classname="org.semanticweb.HermiT.reasoner.DatatypesTest" name="testRationals3"/>
  <testcase time="0.002" classname="org.semanticweb.HermiT.reasoner.DatatypesTest" name="testDateTime1"/>
  <testcase time="0.003" classname="org.semanticweb.HermiT.reasoner.DatatypesTest" name="testSelfInequality"/>
  <testcase time="0.003" classname="org.semanticweb.HermiT.reasoner.DatatypesTest" name="testDatatypeDef1"/>
  <testcase time="0.003" classname="org.semanticweb.HermiT.reasoner.DatatypesTest" name="testDatatypeDef2"/>
  <testcase time="0.002" classname="org.semanticweb.HermiT.reasoner.DatatypesTest" name="testDatatypeDef3"/>
  <testcase time="0.003" classname="org.semanticweb.HermiT.reasoner.DatatypesTest" name="testDatatypeDef4"/>
  <testcase time="0.002" classname="org.semanticweb.HermiT.reasoner.DatatypesTest" name="testDatatypeDef6"/>
  <testcase time="0.003" classname="org.semanticweb.HermiT.reasoner.DatatypesTest" name="testDatatypeUnion1"/>
  <testcase time="0.002" classname="org.semanticweb.HermiT.reasoner.DatatypesTest" name="testDatatypeUnion2"/>
  <testcase time="0.003" classname="org.semanticweb.HermiT.reasoner.DatatypesTest" name="testDatatypeUnion3"/>
  <testcase time="0.003" classname="org.semanticweb.HermiT.reasoner.DatatypesTest" name="testDatatypeUnion4"/>
  <testcase time="0.003" classname="org.semanticweb.HermiT.reasoner.DatatypesTest" name="testDatatypeUnionIntersection1"/>
  <testcase time="0.002" classname="org.semanticweb.HermiT.reasoner.DatatypesTest" name="testDatatypeUnionIntersection2"/>
  <testcase time="0.003" classname="org.semanticweb.HermiT.reasoner.DatatypesTest" name="testDatatypeUnionIntersection3"/>
  <testcase time="0.003" classname="org.semanticweb.HermiT.reasoner.DatatypesTest" name="testDatatypeUnionIntersection4"/>
  <testcase time="0.002" classname="org.semanticweb.HermiT.reasoner.DatatypesTest" name="testNegativeDPAssertions"/>
</testsuite>