<?xml version="1.0" encoding="UTF-8" ?>
<testsuite failures="0" time="0.647" errors="0" skipped="0" tests="187" name="org.semanticweb.HermiT.reasoner.ReasonerTest">
  <properties>
[...]
</properties>
  <testcase time="0.003" classname="org.semanticweb.HermiT.reasoner.ReasonerTest" name="testUniversalRolePartitionedABox"/>
  <testcase time="0.003" classname="org.semanticweb.HermiT.reasoner.ReasonerTest" name="testIncrementalWithSameAs"/>
  <testcase time="0.005" classname="org.semanticweb.HermiT.reasoner.ReasonerTest" name="testClassificationWithValidatedBlockingError"/>
  <testcase time="0.005" classname="org.semanticweb.HermiT.reasoner.ReasonerTest" name="testIncrementalWithNegatedHasValue"/>
  <testcase time="0.005" classname="org.semanticweb.HermiT.reasoner.ReasonerTest" name="testIncrementalWithHasValue"/>
  <testcase time="0.003" classname="org.semanticweb.HermiT.reasoner.ReasonerTest" name="testIncrementalWithNegatedClass"/>
  <testcase time="0.004" classname="org.semanticweb.HermiT.reasoner.ReasonerTest" name="testIncrementalWithClass"/>
  <testcase time="0.003" classname="org.semanticweb.HermiT.reasoner.ReasonerTest" name="testIncrementalWithNegatedHasSelf"/>
  <testcase time="0.006" classname="org.semanticweb.HermiT.reasoner.ReasonerTest" name="testIncrementalWithHasSelf"/>
  <testcase time="0.003" classname="org.semanticweb.HermiT.reasoner.ReasonerTest" name="testIncrementalWithFreshNames"/>
  <testcase time="0.004" classname="org.semanticweb.HermiT.reasoner.ReasonerTest" name="testInstanteManagerError"/>
  <testcase time="0.003" classname="org.semanticweb.HermiT.reasoner.ReasonerTest" name="testTopOPEquivalence"/>
  <testcase time="0.002" classname="org.semanticweb.HermiT.reasoner.ReasonerTest" name="testReflexiveAndSameAs"/>
  <testcase time="0.003" classname="org.semanticweb.HermiT.reasoner.ReasonerTest" name="testFreshEntityEntailment"/>
  <testcase time="0.002" classname="org.semanticweb.HermiT.reasoner.ReasonerTest" name="testUniversalRoleSubsumption"/>
  <testcase time="0.005" classname="org.semanticweb.HermiT.reasoner.ReasonerTest" name="testPrecomputeDisjointClasses"/>
  <testcase time="0.003" classname="org.semanticweb.HermiT.reasoner.ReasonerTest" name="testKeys3"/>
  <testcase time="0.002" classname="org.semanticweb.HermiT.reasoner.ReasonerTest" name="testEquivalentClassInstances"/>
  <testcase time="0.002" classname="org.semanticweb.HermiT.reasoner.ReasonerTest" name="testObjectPropertySubsumptionsNoNominals"/>
  <testcase time="0.003" classname="org.semanticweb.HermiT.reasoner.ReasonerTest" name="testObjectPropertySubsumptionsNominals"/>
  <testcase time="0.002" classname="org.semanticweb.HermiT.reasoner.ReasonerTest" name="testBottomObjectPropertyAssertion"/>
  <testcase time="0.003" classname="org.semanticweb.HermiT.reasoner.ReasonerTest" name="testDataPropertyEntailment"/>
  <testcase time="0.004" classname="org.semanticweb.HermiT.reasoner.ReasonerTest" name="testPropertyInstanceRetrieval"/>
  <testcase time="0.034" classname="org.semanticweb.HermiT.reasoner.ReasonerTest" name="testClassificationSubClassBug"/>
  <testcase time="0.002" classname="org.semanticweb.HermiT.reasoner.ReasonerTest" name="testNegativeObjectPropertyAssertionWithNonSimple"/>
  <testcase time="0.003" classname="org.semanticweb.HermiT.reasoner.ReasonerTest" name="testPropertyEnailmentFromAlan"/>
  <testcase time="0.005" classname="org.semanticweb.HermiT.reasoner.ReasonerTest" name="testSubProperties"/>
  <testcase time="0.002" classname="org.semanticweb.HermiT.reasoner.ReasonerTest" name="testUnknownClassHierarcyPosition"/>
  <testcase time="0.002" classname="org.semanticweb.HermiT.reasoner.ReasonerTest" name="testUnknownDatatypes"/>
  <testcase time="0.003" classname="org.semanticweb.HermiT.reasoner.ReasonerTest" name="testRoleChains"/>
  <testcase time="0.003" classname="org.semanticweb.HermiT.reasoner.ReasonerTest" name="testRoleChainsWithTransitiveSymmetric"/>
  <testcase time="0.004" classname="org.semanticweb.HermiT.reasoner.ReasonerTest" name="testRoleSubsumptionWithChainsTransitiveSymmetric"/>
  <testcase time="0.003" classname="org.semanticweb.HermiT.reasoner.ReasonerTest" name="testRoleSubsumption"/>
  <testcase time="0.001" classname="org.semanticweb.HermiT.reasoner.ReasonerTest" name="testIsFunctionalData"/>
  <testcase time="0.002" classname="org.semanticweb.HermiT.reasoner.ReasonerTest" name="testIsFunctionalObject"/>
  <testcase time="0.002" classname="org.semanticweb.HermiT.reasoner.ReasonerTest" name="testIsInverseFunctionalObject"/>
  <testcase time="0.002" classname="org.semanticweb.HermiT.reasoner.ReasonerTest" name="testIsReflexiveObject"/>
  <testcase time="0.001" classname="org.semanticweb.HermiT.reasoner.ReasonerTest" name="testIsIrreflexiveObject"/>
  <testcase time="0.002" classname="org.semanticweb.HermiT.reasoner.ReasonerTest" name="testIsSymmetricObject"/>
  <testcase time="0.002" classname="org.semanticweb.HermiT.reasoner.ReasonerTest" name="testIsAsymmetricObject"/>
  <testcase time="0.002" classname="org.semanticweb.HermiT.reasoner.ReasonerTest" name="testIsTransitiveObject"/>
  <testcase time="0.006" classname="org.semanticweb.HermiT.reasoner.ReasonerTest" name="testLearningBacktracking"/>
  <testcase time="0.002" classname="org.semanticweb.HermiT.reasoner.ReasonerTest" name="testSameAs"/>
  <testcase time="0.002" classname="org.semanticweb.HermiT.reasoner.ReasonerTest" name="testObjectPropertyDomainsTimothyBug"/>
  <testcase time="0.006" classname="org.semanticweb.HermiT.reasoner.ReasonerTest" name="testDatatypeLiterals"/>
  <testcase time="0.002" classname="org.semanticweb.HermiT.reasoner.ReasonerTest" name="testIndividualRetrievalBug"/>
  <testcase time="0.003" classname="org.semanticweb.HermiT.reasoner.ReasonerTest" name="testIndividualRetrieval"/>
  <testcase time="0.002" classname="org.semanticweb.HermiT.reasoner.ReasonerTest" name="testDataTypeRestriction"/>
  <testcase time="0.001" classname="org.semanticweb.HermiT.reasoner.ReasonerTest" name="testAnonymousIndividualConstraints"/>
  <testcase time="0.001" classname="org.semanticweb.HermiT.reasoner.ReasonerTest" name="testAnonymousIndividualConstraints2"/>
  <testcase time="0.001" classname="org.semanticweb.HermiT.reasoner.ReasonerTest" name="testAnonymousIndividualConstraints3"/>
  <testcase time="0.001" classname="org.semanticweb.HermiT.reasoner.ReasonerTest" name="testAnonymousIndividualConstraints4"/>
  <testcase time="0.002" classname="org.semanticweb.HermiT.reasoner.ReasonerTest" name="testTransitivity"/>
  <testcase time="0.002" classname="org.semanticweb.HermiT.reasoner.ReasonerTest" name="testSubAndSuperConcepts"/>
  <testcase time="0.002" classname="org.semanticweb.HermiT.reasoner.ReasonerTest" name="testSubAndSuperRoles"/>
  <testcase time="0.002" classname="org.semanticweb.HermiT.reasoner.ReasonerTest" name="testSubRolesChain"/>
  <testcase time="0.002" classname="org.semanticweb.HermiT.reasoner.ReasonerTest" name="testHasKeyEntailment"/>
  <testcase time="0.001" classname="org.semanticweb.HermiT.reasoner.ReasonerTest" name="testHasKeyNonEntailment"/>
  <testcase time="0.007" classname="org.semanticweb.HermiT.reasoner.ReasonerTest" name="testDatatypeDefEntailment"/>
  <testcase time="0.002" classname="org.semanticweb.HermiT.reasoner.ReasonerTest" name="testDomainRange"/>
  <testcase time="0.002" classname="org.semanticweb.HermiT.reasoner.ReasonerTest" name="testDateTime2"/>
  <testcase time="0.001" classname="org.semanticweb.HermiT.reasoner.ReasonerTest" name="testChains1"/>
  <testcase time="0.002" classname="org.semanticweb.HermiT.reasoner.ReasonerTest" name="testChains2"/>
  <testcase time="0.002" classname="org.semanticweb.HermiT.reasoner.ReasonerTest" name="testChains3"/>
  <testcase time="0.001" classname="org.semanticweb.HermiT.reasoner.ReasonerTest" name="testChains4"/>
  <testcase time="0.002" classname="org.semanticweb.HermiT.reasoner.ReasonerTest" name="testAnonymousIndiviuals1"/>
  <testcase time="0.002" classname="org.semanticweb.HermiT.reasoner.ReasonerTest" name="testDateTime"/>
  <testcase time="0.001" classname="org.semanticweb.HermiT.reasoner.ReasonerTest" name="testDataRanges"/>
  <testcase time="0.002" classname="org.semanticweb.HermiT.reasoner.ReasonerTest" name="testBottomDataProperty"/>
  <testcase time="0.001" classname="org.semanticweb.HermiT.reasoner.ReasonerTest" name="testChains"/>
  <testcase time="0.003" classname="org.semanticweb.HermiT.reasoner.ReasonerTest" name="testHasKeysOnlyNamed"/>
  <testcase time="0.001" classname="org.semanticweb.HermiT.reasoner.ReasonerTest" name="testNegativeDataPropertyAssertion"/>
  <testcase time="0.002" classname="org.semanticweb.HermiT.reasoner.ReasonerTest" name="testKeys"/>
  <testcase time="0.002" classname="org.semanticweb.HermiT.reasoner.ReasonerTest" name="testKeysNegatedClass"/>
  <testcase time="0.002" classname="org.semanticweb.HermiT.reasoner.ReasonerTest" name="testNonUnaryKeys"/>
  <testcase time="0.003" classname="org.semanticweb.HermiT.reasoner.ReasonerTest" name="testNonUnaryKeys2"/>
  <testcase time="0.021" classname="org.semanticweb.HermiT.reasoner.ReasonerTest" name="testHierarchyPrinting1"/>
  <testcase time="0.007" classname="org.semanticweb.HermiT.reasoner.ReasonerTest" name="testHierarchyPrinting2"/>
  <testcase time="0.001" classname="org.semanticweb.HermiT.reasoner.ReasonerTest" name="testHierarchyPrinting3"/>
  <testcase time="0.003" classname="org.semanticweb.HermiT.reasoner.ReasonerTest" name="testObjectPropertyHierarchy"/>
  <testcase time="0.003" classname="org.semanticweb.HermiT.reasoner.ReasonerTest" name="testSemanticObjectPropertyClassification"/>
  <testcase time="0.004" classname="org.semanticweb.HermiT.reasoner.ReasonerTest" name="testDataPropertyHierarchy"/>
  <testcase time="0.002" classname="org.semanticweb.HermiT.reasoner.ReasonerTest" name="testDataPropertySemantics"/>
  <testcase time="0.003" classname="org.semanticweb.HermiT.reasoner.ReasonerTest" name="testSemanticDataPropertyClassification"/>
  <testcase time="0.005" classname="org.semanticweb.HermiT.reasoner.ReasonerTest" name="testComplexConceptInstanceRetrieval"/>
  <testcase time="0.003" classname="org.semanticweb.HermiT.reasoner.ReasonerTest" name="testWidmann1"/>
  <testcase time="0.003" classname="org.semanticweb.HermiT.reasoner.ReasonerTest" name="testWidmann2"/>
  <testcase time="0.079" classname="org.semanticweb.HermiT.reasoner.ReasonerTest" name="testWidmann3"/>
  <testcase time="0.002" classname="org.semanticweb.HermiT.reasoner.ReasonerTest" name="testReflexivity"/>
  <testcase time="0.002" classname="org.semanticweb.HermiT.reasoner.ReasonerTest" name="testNegProperties"/>
  <testcase time="0.001" classname="org.semanticweb.HermiT.reasoner.ReasonerTest" name="testIrreflexivity"/>
  <testcase time="0.002" classname="org.semanticweb.HermiT.reasoner.ReasonerTest" name="testRoleDisjointness_1"/>
  <testcase time="0.001" classname="org.semanticweb.HermiT.reasoner.ReasonerTest" name="testRoleDisjointness_2"/>
  <testcase time="0.002" classname="org.semanticweb.HermiT.reasoner.ReasonerTest" name="testRoleDisjointness2"/>
  <testcase time="0.001" classname="org.semanticweb.HermiT.reasoner.ReasonerTest" name="testExistsSelf1"/>
  <testcase time="0.002" classname="org.semanticweb.HermiT.reasoner.ReasonerTest" name="testExistsSelf2"/>
  <testcase time="0.002" classname="org.semanticweb.HermiT.reasoner.ReasonerTest" name="testAsymmetry"/>
  <testcase time="0.001" classname="org.semanticweb.HermiT.reasoner.ReasonerTest" name="testSatisfiability1"/>
  <testcase time="0.001" classname="org.semanticweb.HermiT.reasoner.ReasonerTest" name="testSatisfiability2"/>
  <testcase time="0.002" classname="org.semanticweb.HermiT.reasoner.ReasonerTest" name="testSatisfiability3"/>
  <testcase time="0.001" classname="org.semanticweb.HermiT.reasoner.ReasonerTest" name="testSatisfiability4"/>
  <testcase time="0.004" classname="org.semanticweb.HermiT.reasoner.ReasonerTest" name="testChanges"/>
  <testcase time="0.002" classname="org.semanticweb.HermiT.reasoner.ReasonerTest" name="testSubsumption1"/>
  <testcase time="0.001" classname="org.semanticweb.HermiT.reasoner.ReasonerTest" name="testSubsumption2"/>
  <testcase time="0.002" classname="org.semanticweb.HermiT.reasoner.ReasonerTest" name="testSubsumption3"/>
  <testcase time="0.003" classname="org.semanticweb.HermiT.reasoner.ReasonerTest" name="testHeinsohnTBox1"/>
  <testcase time="0.003" classname="org.semanticweb.HermiT.reasoner.ReasonerTest" name="testHeinsohnTBox2"/>
  <testcase time="0.002" classname="org.semanticweb.HermiT.reasoner.ReasonerTest" name="testHeinsohnTBox3c"/>
  <testcase time="0.002" classname="org.semanticweb.HermiT.reasoner.ReasonerTest" name="testHeinsohnTBox3cIrh"/>
  <testcase time="0.006" classname="org.semanticweb.HermiT.reasoner.ReasonerTest" name="testHeinsohnTBox3"/>
  <testcase time="0.003" classname="org.semanticweb.HermiT.reasoner.ReasonerTest" name="testHeinsohnTBox3Modified"/>
  <testcase time="0.002" classname="org.semanticweb.HermiT.reasoner.ReasonerTest" name="testHeinsohnTBox4a"/>
  <testcase time="0.002" classname="org.semanticweb.HermiT.reasoner.ReasonerTest" name="testHeinsohnTBox4b"/>
  <testcase time="0.001" classname="org.semanticweb.HermiT.reasoner.ReasonerTest" name="testHeinsohnTBox7"/>
  <testcase time="0.002" classname="org.semanticweb.HermiT.reasoner.ReasonerTest" name="testIanT1a"/>
  <testcase time="0.002" classname="org.semanticweb.HermiT.reasoner.ReasonerTest" name="testIanT1b"/>
  <testcase time="0.002" classname="org.semanticweb.HermiT.reasoner.ReasonerTest" name="testIanT1c"/>
  <testcase time="0.002" classname="org.semanticweb.HermiT.reasoner.ReasonerTest" name="testIanT2"/>
  <testcase time="0.041" classname="org.semanticweb.HermiT.reasoner.ReasonerTest" name="testIanT3"/>
  <testcase time="0.003" classname="org.semanticweb.HermiT.reasoner.ReasonerTest" name="testIanT4"/>
  <testcase time="0.002" classname="org.semanticweb.HermiT.reasoner.ReasonerTest" name="testIanT5"/>
  <testcase time="0.002" classname="org.semanticweb.HermiT.reasoner.ReasonerTest" name="testIanT6"/>
  <testcase time="0.002" classname="org.semanticweb.HermiT.reasoner.ReasonerTest" name="testIanT7a"/>
  <testcase time="0.002" classname="org.semanticweb.HermiT.reasoner.ReasonerTest" name="testIanT7b"/>
  <testcase time="0.001" classname="org.semanticweb.HermiT.reasoner.ReasonerTest" name="testIanT7c"/>
  <testcase time="0.001" classname="org.semanticweb.HermiT.reasoner.ReasonerTest" name="testIanT8a"/>
  <testcase time="0.002" classname="org.semanticweb.HermiT.reasoner.ReasonerTest" name="testIanT8"/>
  <testcase time="0.003" classname="org.semanticweb.HermiT.reasoner.ReasonerTest" name="testIanT9"/>
  <testcase time="0.003" classname="org.semanticweb.HermiT.reasoner.ReasonerTest" name="testIanT10"/>
  <testcase time="0.002" classname="org.semanticweb.HermiT.reasoner.ReasonerTest" name="testIanT11"/>
  <testcase time="0.002" classname="org.semanticweb.HermiT.reasoner.ReasonerTest" name="testIanT12"/>
  <testcase time="0.004" classname="org.semanticweb.HermiT.reasoner.ReasonerTest" name="testIanT13"/>
  <testcase time="0.002" classname="org.semanticweb.HermiT.reasoner.ReasonerTest" name="testIanFact1"/>
  <testcase time="0.002" classname="org.semanticweb.HermiT.reasoner.ReasonerTest" name="testIanFact2"/>
  <testcase time="0.001" classname="org.semanticweb.HermiT.reasoner.ReasonerTest" name="testIanFact3"/>
  <testcase time="0.003" classname="org.semanticweb.HermiT.reasoner.ReasonerTest" name="testIanFact4"/>
  <testcase time="0.002" classname="org.semanticweb.HermiT.reasoner.ReasonerTest" name="testIanBug1b"/>
  <testcase time="0.007" classname="org.semanticweb.HermiT.reasoner.ReasonerTest" name="testIanBug3"/>
  <testcase time="0.002" classname="org.semanticweb.HermiT.reasoner.ReasonerTest" name="testIanBug4"/>
  <testcase time="0.003" classname="org.semanticweb.HermiT.reasoner.ReasonerTest" name="testIanBug5"/>
  <testcase time="0.002" classname="org.semanticweb.HermiT.reasoner.ReasonerTest" name="testIanBug6"/>
  <testcase time="0.002" classname="org.semanticweb.HermiT.reasoner.ReasonerTest" name="testIanBug7"/>
  <testcase time="0.002" classname="org.semanticweb.HermiT.reasoner.ReasonerTest" name="testIanBug8"/>
  <testcase time="0.003" classname="org.semanticweb.HermiT.reasoner.ReasonerTest" name="testIanMergeTest1"/>
  <testcase time="0.003" classname="org.semanticweb.HermiT.reasoner.ReasonerTest" name="testIanMergeTest2"/>
  <testcase time="0.003" classname="org.semanticweb.HermiT.reasoner.ReasonerTest" name="testIanQNRTest"/>
  <testcase time="0.002" classname="org.semanticweb.HermiT.reasoner.ReasonerTest" name="testIanRecursiveDefinitionTest1"/>
  <testcase time="0.003" classname="org.semanticweb.HermiT.reasoner.ReasonerTest" name="testIanRecursiveDefinitionTest2"/>
  <testcase time="0.003" classname="org.semanticweb.HermiT.reasoner.ReasonerTest" name="testIanRecursiveDefinitionTest3"/>
  <testcase time="0.003" classname="org.semanticweb.HermiT.reasoner.ReasonerTest" name="testIanBackjumping1"/>
  <testcase time="0.004" classname="org.semanticweb.HermiT.reasoner.ReasonerTest" name="testIanBackjumping2"/>
  <testcase time="0.005" classname="org.semanticweb.HermiT.reasoner.ReasonerTest" name="testIanBackjumping3"/>
  <testcase time="0.002" classname="org.semanticweb.HermiT.reasoner.ReasonerTest" name="testNominals1"/>
  <testcase time="0.013" classname="org.semanticweb.HermiT.reasoner.ReasonerTest" name="testNominals2"/>
  <testcase time="0.002" classname="org.semanticweb.HermiT.reasoner.ReasonerTest" name="testNominals3"/>
  <testcase time="0.003" classname="org.semanticweb.HermiT.reasoner.ReasonerTest" name="testNominals4"/>
  <testcase time="0.002" classname="org.semanticweb.HermiT.reasoner.ReasonerTest" name="testNominals5"/>
  <testcase time="0.004" classname="org.semanticweb.HermiT.reasoner.ReasonerTest" name="testNominals6"/>
  <testcase time="0.003" classname="org.semanticweb.HermiT.reasoner.ReasonerTest" name="testDependencyDisjunctionMergingBug"/>
  <testcase time="0.002" classname="org.semanticweb.HermiT.reasoner.ReasonerTest" name="testNovelNominals"/>
  <testcase time="0.001" classname="org.semanticweb.HermiT.reasoner.ReasonerTest" name="testKeys1"/>
  <testcase time="0.002" classname="org.semanticweb.HermiT.reasoner.ReasonerTest" name="testKeys2"/>
  <testcase time="0.001" classname="org.semanticweb.HermiT.reasoner.ReasonerTest" name="testNominalMerging"/>
  <testcase time="0.008" classname="org.semanticweb.HermiT.reasoner.ReasonerTest" name="testNIRuleBlockingWithUnraveling"/>
  <testcase time="0.002" classname="org.semanticweb.HermiT.reasoner.ReasonerTest" name="testPunning"/>
  <testcase time="0.001" classname="org.semanticweb.HermiT.reasoner.ReasonerTest" name="testPunning2"/>
  <testcase time="0.002" classname="org.semanticweb.HermiT.reasoner.ReasonerTest" name="testPunning3"/>
  <testcase time="0.002" classname="org.semanticweb.HermiT.reasoner.ReasonerTest" name="testInverses2"/>
  <testcase time="0.002" classname="org.semanticweb.HermiT.reasoner.ReasonerTest" name="testMissingCBug"/>
  <testcase time="0.002" classname="org.semanticweb.HermiT.reasoner.ReasonerTest" name="testInverses"/>
  <testcase time="0.001" classname="org.semanticweb.HermiT.reasoner.ReasonerTest" name="testAnonymousIndiviuals2"/>
  <testcase time="0.002" classname="org.semanticweb.HermiT.reasoner.ReasonerTest" name="testAnonymousIndiviuals3"/>
  <testcase time="0.003" classname="org.semanticweb.HermiT.reasoner.ReasonerTest" name="testSatisfiabilityWithRIAs1"/>
  <testcase time="0.003" classname="org.semanticweb.HermiT.reasoner.ReasonerTest" name="testSatisfiabilityWithRIAs2"/>
  <testcase time="0.002" classname="org.semanticweb.HermiT.reasoner.ReasonerTest" name="testSatisfiabilityWithRIAs3"/>
  <testcase time="0.002" classname="org.semanticweb.HermiT.reasoner.ReasonerTest" name="testSatisfiabilityWithRIAs4"/>
  <testcase time="0.002" classname="org.semanticweb.HermiT.reasoner.ReasonerTest" name="testSatisfiabilityWithRIAs5"/>
  <testcase time="0.002" classname="org.semanticweb.HermiT.reasoner.ReasonerTest" name="testSatisfiabilityWithRIAs6"/>
  <testcase time="0.002" classname="org.semanticweb.HermiT.reasoner.ReasonerTest" name="testSatisfiabilityWithRIAs7"/>
  <testcase time="0.002" classname="org.semanticweb.HermiT.reasoner.ReasonerTest" name="testSatisfiabilityWithRIAs8"/>
  <testcase time="0.002" classname="org.semanticweb.HermiT.reasoner.ReasonerTest" name="testSatisfiabilityWithRIAs9"/>
  <testcase time="0.002" classname="org.semanticweb.HermiT.reasoner.ReasonerTest" name="testSatisfiabilityWithRIAs10"/>
  <testcase time="0.002" classname="org.semanticweb.HermiT.reasoner.ReasonerTest" name="testSatisfiabilityWithRIAs11"/>
  <testcase time="0.002" classname="org.semanticweb.HermiT.reasoner.ReasonerTest" name="testSatisfiabilityWithRIAs11b"/>
  <testcase time="0.002" classname="org.semanticweb.HermiT.reasoner.ReasonerTest" name="testSatisfiabilityWithRIAs12"/>
  <testcase time="0.003" classname="org.semanticweb.HermiT.reasoner.ReasonerTest" name="testSatisfiabilityWithRIAs13"/>
  <testcase time="0.001" classname="org.semanticweb.HermiT.reasoner.ReasonerTest" name="testSatisfiabilityWithRIAs14"/>
</testsuite>