<?xml version="1.0" encoding="UTF-8" ?>
<testsuite failures="1" time="0.121" errors="0" skipped="0" tests="24" name="org.semanticweb.HermiT.structural.NormalizationTest">
  <properties>
[...]
</properties>
  <testcase time="0.003" classname="org.semanticweb.HermiT.structural.NormalizationTest" name="testKeys1"/>
  <testcase time="0.003" classname="org.semanticweb.HermiT.structural.NormalizationTest" name="testKeys2">
    <failure type="junit.framework.AssertionFailedError">junit.framework.AssertionFailedError
	at junit.framework.Assert.fail(Assert.java:47)
	at junit.framework.Assert.fail(Assert.java:53)
	at org.semanticweb.HermiT.structural.NormalizationTest.testKeys2(NormalizationTest.java:184)
</failure>
  </testcase>
  <testcase time="0.003" classname="org.semanticweb.HermiT.structural.NormalizationTest" name="testDataPropertiesHasValue1"/>
  <testcase time="0.007" classname="org.semanticweb.HermiT.structural.NormalizationTest" name="testDataPropertiesHasValue2"/>
  <testcase time="0.003" classname="org.semanticweb.HermiT.structural.NormalizationTest" name="testDataPropertiesAll1"/>
  <testcase time="0.003" classname="org.semanticweb.HermiT.structural.NormalizationTest" name="testDataPropertiesAll2"/>
  <testcase time="0.003" classname="org.semanticweb.HermiT.structural.NormalizationTest" name="testDataPropertiesSome1"/>
  <testcase time="0.003" classname="org.semanticweb.HermiT.structural.NormalizationTest" name="testDataPropertiesSome2"/>
  <testcase time="0.01" classname="org.semanticweb.HermiT.structural.NormalizationTest" name="testDataPropertiesDataOneOf1"/>
  <testcase time="0.007" classname="org.semanticweb.HermiT.structural.NormalizationTest" name="testDataPropertiesDataOneOf2"/>
  <testcase time="0.003" classname="org.semanticweb.HermiT.structural.NormalizationTest" name="testDataPropertiesDataComplementOf1"/>
  <testcase time="0.003" classname="org.semanticweb.HermiT.structural.NormalizationTest" name="testDataPropertiesMax1"/>
  <testcase time="0.003" classname="org.semanticweb.HermiT.structural.NormalizationTest" name="testDataPropertiesMax2"/>
  <testcase time="0.002" classname="org.semanticweb.HermiT.structural.NormalizationTest" name="testDataPropertiesMax3"/>
  <testcase time="0.003" classname="org.semanticweb.HermiT.structural.NormalizationTest" name="testDataPropertiesMax4"/>
  <testcase time="0.024" classname="org.semanticweb.HermiT.structural.NormalizationTest" name="testDataPropertiesMin1"/>
  <testcase time="0.003" classname="org.semanticweb.HermiT.structural.NormalizationTest" name="testDataPropertiesMin2"/>
  <testcase time="0.003" classname="org.semanticweb.HermiT.structural.NormalizationTest" name="testDataPropertiesMin3"/>
  <testcase time="0.003" classname="org.semanticweb.HermiT.structural.NormalizationTest" name="testDataPropertiesMin4"/>
  <testcase time="0.007" classname="org.semanticweb.HermiT.structural.NormalizationTest" name="testDataPropertiesExact1"/>
  <testcase time="0.007" classname="org.semanticweb.HermiT.structural.NormalizationTest" name="testDataPropertiesExact2"/>
  <testcase time="0.003" classname="org.semanticweb.HermiT.structural.NormalizationTest" name="testDataPropertiesExact3"/>
  <testcase time="0.003" classname="org.semanticweb.HermiT.structural.NormalizationTest" name="testDataPropertiesExact4"/>
  <testcase time="0.003" classname="org.semanticweb.HermiT.structural.NormalizationTest" name="testTopObjectPropertyInSuperPosition"/>
</testsuite>